-- The C compiler identification is GNU 13.3.0
-- The CXX compiler identification is GNU 13.3.0
-- Detecting C compiler ABI info
-- Detecting C compiler ABI info - done
-- Check for working C compiler: /usr/bin/cc - skipped
-- Detecting C compile features
-- Detecting C compile features - done
-- Detecting CXX compiler ABI info
-- Detecting CXX compiler ABI info - done
-- Check for working CXX compiler: /usr/bin/c++ - skipped
-- Detecting CXX compile features
-- Detecting CXX compile features - done
-- Found ament_cmake: 2.5.5 (/opt/ros/jazzy/share/ament_cmake/cmake)
-- Found Python3: /usr/bin/python3 (found version "3.12.3") found components: Interpreter 
-- Found rclcpp: 28.1.16 (/opt/ros/jazzy/share/rclcpp/cmake)
-- Found rosidl_generator_c: 4.6.7 (/opt/ros/jazzy/share/rosidl_generator_c/cmake)
-- Found rosidl_generator_cpp: 4.6.7 (/opt/ros/jazzy/share/rosidl_generator_cpp/cmake)
-- Using all available rosidl_typesupport_c: rosidl_typesupport_fastrtps_c;rosidl_typesupport_introspection_c
-- Using all available rosidl_typesupport_cpp: rosidl_typesupport_fastrtps_cpp;rosidl_typesupport_introspection_cpp
-- Found rmw_implementation_cmake: 7.3.3 (/opt/ros/jazzy/share/rmw_implementation_cmake/cmake)
-- Found rmw_cyclonedds_cpp: 2.2.3 (/opt/ros/jazzy/share/rmw_cyclonedds_cpp/cmake)
-- Using RMW implementation 'rmw_cyclonedds_cpp' as default
-- Found rclcpp_lifecycle: 28.1.16 (/opt/ros/jazzy/share/rclcpp_lifecycle/cmake)
-- Found nav2_core: 1.3.10 (/opt/ros/jazzy/share/nav2_core/cmake)
-- Found eigen3_cmake_module: 0.3.0 (/opt/ros/jazzy/share/eigen3_cmake_module/cmake)
-- Found Eigen3: TRUE (found version "3.4.0") 
-- Ensuring Eigen3 include directory is part of orocos-kdl CMake target
-- Found TinyXML2 via Config file: /usr/lib/x86_64-linux-gnu/cmake/tinyxml2
-- Configuring done (11.5s)
-- Generating done (2.1s)
-- Build files have been written to: /home/max/Bachelor_Navel/NavelTrajectory/webots_ros/build/bspline_smoother
[ 33%] [32mBuilding CXX object CMakeFiles/bspline_smoother.dir/src/bspline_smoother.cpp.o[0m
[ 66%] [32mBuilding CXX object CMakeFiles/bspline_smoother.dir/src/bspline.cpp.o[0m
[100%] [32m[1mLinking CXX shared library libbspline_smoother.so[0m
[100%] Built target bspline_smoother
-- Install configuration: ""
-- Installing: /home/max/Bachelor_Navel/NavelTrajectory/webots_ros/install/bspline_smoother/lib/libbspline_smoother.so
-- Set non-toolchain portion of runtime path of "/home/max/Bachelor_Navel/NavelTrajectory/webots_ros/install/bspline_smoother/lib/libbspline_smoother.so" to ""
-- Installing: /home/max/Bachelor_Navel/NavelTrajectory/webots_ros/install/bspline_smoother/include/
-- Installing: /home/max/Bachelor_Navel/NavelTrajectory/webots_ros/install/bspline_smoother/include//bspline_smoother
-- Installing: /home/max/Bachelor_Navel/NavelTrajectory/webots_ros/install/bspline_smoother/include//bspline_smoother/bspline.hpp
-- Installing: /home/max/Bachelor_Navel/NavelTrajectory/webots_ros/install/bspline_smoother/include//bspline_smoother/bspline_smoother.hpp
-- Installing: /home/max/Bachelor_Navel/NavelTrajectory/webots_ros/install/bspline_smoother/share/bspline_smoother/smoother_plugin.xml
-- Installing: /home/max/Bachelor_Navel/NavelTrajectory/webots_ros/install/bspline_smoother/share/bspline_smoother/environment/library_path.sh
-- Installing: /home/max/Bachelor_Navel/NavelTrajectory/webots_ros/install/bspline_smoother/share/bspline_smoother/environment/library_path.dsv
-- Installing: /home/max/Bachelor_Navel/NavelTrajectory/webots_ros/install/bspline_smoother/share/ament_index/resource_index/package_run_dependencies/bspline_smoother
-- Installing: /home/max/Bachelor_Navel/NavelTrajectory/webots_ros/install/bspline_smoother/share/ament_index/resource_index/parent_prefix_path/bspline_smoother
-- Installing: /home/max/Bachelor_Navel/NavelTrajectory/webots_ros/install/bspline_smoother/share/bspline_smoother/environment/ament_prefix_path.sh
-- Installing: /home/max/Bachelor_Navel/NavelTrajectory/webots_ros/install/bspline_smoother/share/bspline_smoother/environment/ament_prefix_path.dsv
-- Installing: /home/max/Bachelor_Navel/NavelTrajectory/webots_ros/install/bspline_smoother/share/bspline_smoother/environment/path.sh
-- Installing: /home/max/Bachelor_Navel/NavelTrajectory/webots_ros/install/bspline_smoother/share/bspline_smoother/environment/path.dsv
-- Installing: /home/max/Bachelor_Navel/NavelTrajectory/webots_ros/install/bspline_smoother/share/bspline_smoother/local_setup.bash
-- Installing: /home/max/Bachelor_Navel/NavelTrajectory/webots_ros/install/bspline_smoother/share/bspline_smoother/local_setup.sh
-- Installing: /home/max/Bachelor_Navel/NavelTrajectory/webots_ros/install/bspline_smoother/share/bspline_smoother/local_setup.zsh
-- Installing: /home/max/Bachelor_Navel/NavelTrajectory/webots_ros/install/bspline_smoother/share/bspline_smoother/local_setup.dsv
-- Installing: /home/max/Bachelor_Navel/NavelTrajectory/webots_ros/install/bspline_smoother/share/bspline_smoother/package.dsv
-- Installing: /home/max/Bachelor_Navel/NavelTrajectory/webots_ros/install/bspline_smoother/share/ament_index/resource_index/packages/bspline_smoother
-- Installing: /home/max/Bachelor_Navel/NavelTrajectory/webots_ros/install/bspline_smoother/share/ament_index/resource_index/nav2_core__pluginlib__plugin/bspline_smoother
-- Installing: /home/max/Bachelor_Navel/NavelTrajectory/webots_ros/install/bspline_smoother/share/bspline_smoother/cmake/ament_cmake_export_include_directories-extras.cmake
-- Installing: /home/max/Bachelor_Navel/NavelTrajectory/webots_ros/install/bspline_smoother/share/bspline_smoother/cmake/ament_cmake_export_libraries-extras.cmake
-- Installing: /home/max/Bachelor_Navel/NavelTrajectory/webots_ros/install/bspline_smoother/share/bspline_smoother/cmake/ament_cmake_export_dependencies-extras.cmake
-- Installing: /home/max/Bachelor_Navel/NavelTrajectory/webots_ros/install/bspline_smoother/share/bspline_smoother/cmake/bspline_smootherConfig.cmake
-- Installing: /home/max/Bachelor_Navel/NavelTrajectory/webots_ros/install/bspline_smoother/share/bspline_smoother/cmake/bspline_smootherConfig-version.cmake
-- Installing: /home/max/Bachelor_Navel/NavelTrajectory/webots_ros/install/bspline_smoother/share/bspline_smoother/package.xml
