[0.020s] Invoking command in '/home/max/Bachelor_Navel/NavelTrajectory/webots_ros/build/bspline_smoother': CMAKE_PREFIX_PATH=${CMAKE_PREFIX_PATH}:/opt/ros/jazzy DEBUGINFOD_URLS=https://debuginfod.ubuntu.com /usr/bin/cmake /home/max/Bachelor_Navel/NavelTrajectory/webots_ros/src/bspline_smoother -DCMAKE_INSTALL_PREFIX=/home/max/Bachelor_Navel/NavelTrajectory/webots_ros/install/bspline_smoother
[0.646s] -- The C compiler identification is GNU 13.3.0
[1.446s] -- The CXX compiler identification is GNU 13.3.0
[1.855s] -- Detecting C compiler ABI info
[2.114s] -- Detecting C compiler ABI info - done
[2.125s] -- Check for working C compiler: /usr/bin/cc - skipped
[2.125s] -- Detecting C compile features
[2.164s] -- Detecting C compile features - done
[2.222s] -- Detecting CXX compiler ABI info
[2.358s] -- Detecting CXX compiler ABI info - done
[2.368s] -- Check for working CXX compiler: /usr/bin/c++ - skipped
[2.368s] -- Detecting CXX compile features
[2.368s] -- Detecting CXX compile features - done
[2.601s] -- Found ament_cmake: 2.5.5 (/opt/ros/jazzy/share/ament_cmake/cmake)
[3.144s] -- Found Python3: /usr/bin/python3 (found version "3.12.3") found components: Interpreter 
[3.911s] -- Found rclcpp: 28.1.16 (/opt/ros/jazzy/share/rclcpp/cmake)
[4.699s] -- Found rosidl_generator_c: 4.6.7 (/opt/ros/jazzy/share/rosidl_generator_c/cmake)
[4.977s] -- Found rosidl_generator_cpp: 4.6.7 (/opt/ros/jazzy/share/rosidl_generator_cpp/cmake)
[5.245s] -- Using all available rosidl_typesupport_c: rosidl_typesupport_fastrtps_c;rosidl_typesupport_introspection_c
[5.411s] -- Using all available rosidl_typesupport_cpp: rosidl_typesupport_fastrtps_cpp;rosidl_typesupport_introspection_cpp
[6.722s] -- Found rmw_implementation_cmake: 7.3.3 (/opt/ros/jazzy/share/rmw_implementation_cmake/cmake)
[6.783s] -- Found rmw_cyclonedds_cpp: 2.2.3 (/opt/ros/jazzy/share/rmw_cyclonedds_cpp/cmake)
[7.370s] -- Using RMW implementation 'rmw_cyclonedds_cpp' as default
[8.387s] -- Found rclcpp_lifecycle: 28.1.16 (/opt/ros/jazzy/share/rclcpp_lifecycle/cmake)
[8.892s] -- Found nav2_core: 1.3.10 (/opt/ros/jazzy/share/nav2_core/cmake)
[10.997s] -- Found eigen3_cmake_module: 0.3.0 (/opt/ros/jazzy/share/eigen3_cmake_module/cmake)
[11.002s] -- Found Eigen3: TRUE (found version "3.4.0") 
[11.002s] -- Ensuring Eigen3 include directory is part of orocos-kdl CMake target
[11.331s] -- Found TinyXML2 via Config file: /usr/lib/x86_64-linux-gnu/cmake/tinyxml2
[11.815s] -- Configuring done (11.5s)
[13.935s] -- Generating done (2.1s)
[13.942s] -- Build files have been written to: /home/max/Bachelor_Navel/NavelTrajectory/webots_ros/build/bspline_smoother
[13.958s] Invoked command in '/home/max/Bachelor_Navel/NavelTrajectory/webots_ros/build/bspline_smoother' returned '0': CMAKE_PREFIX_PATH=${CMAKE_PREFIX_PATH}:/opt/ros/jazzy DEBUGINFOD_URLS=https://debuginfod.ubuntu.com /usr/bin/cmake /home/max/Bachelor_Navel/NavelTrajectory/webots_ros/src/bspline_smoother -DCMAKE_INSTALL_PREFIX=/home/max/Bachelor_Navel/NavelTrajectory/webots_ros/install/bspline_smoother
[13.959s] Invoking command in '/home/max/Bachelor_Navel/NavelTrajectory/webots_ros/build/bspline_smoother': CMAKE_PREFIX_PATH=${CMAKE_PREFIX_PATH}:/opt/ros/jazzy DEBUGINFOD_URLS=https://debuginfod.ubuntu.com /usr/bin/cmake --build /home/max/Bachelor_Navel/NavelTrajectory/webots_ros/build/bspline_smoother -- -j4 -l4
[14.032s] [ 33%] [32mBuilding CXX object CMakeFiles/bspline_smoother.dir/src/bspline_smoother.cpp.o[0m
[14.032s] [ 66%] [32mBuilding CXX object CMakeFiles/bspline_smoother.dir/src/bspline.cpp.o[0m
[41.757s] [100%] [32m[1mLinking CXX shared library libbspline_smoother.so[0m
[44.611s] [100%] Built target bspline_smoother
[44.625s] Invoked command in '/home/max/Bachelor_Navel/NavelTrajectory/webots_ros/build/bspline_smoother' returned '0': CMAKE_PREFIX_PATH=${CMAKE_PREFIX_PATH}:/opt/ros/jazzy DEBUGINFOD_URLS=https://debuginfod.ubuntu.com /usr/bin/cmake --build /home/max/Bachelor_Navel/NavelTrajectory/webots_ros/build/bspline_smoother -- -j4 -l4
[44.626s] Invoking command in '/home/max/Bachelor_Navel/NavelTrajectory/webots_ros/build/bspline_smoother': CMAKE_PREFIX_PATH=${CMAKE_PREFIX_PATH}:/opt/ros/jazzy DEBUGINFOD_URLS=https://debuginfod.ubuntu.com /usr/bin/cmake --install /home/max/Bachelor_Navel/NavelTrajectory/webots_ros/build/bspline_smoother
[44.638s] -- Install configuration: ""
[44.638s] -- Installing: /home/max/Bachelor_Navel/NavelTrajectory/webots_ros/install/bspline_smoother/lib/libbspline_smoother.so
[44.641s] -- Set non-toolchain portion of runtime path of "/home/max/Bachelor_Navel/NavelTrajectory/webots_ros/install/bspline_smoother/lib/libbspline_smoother.so" to ""
[44.641s] -- Installing: /home/max/Bachelor_Navel/NavelTrajectory/webots_ros/install/bspline_smoother/include/
[44.642s] -- Installing: /home/max/Bachelor_Navel/NavelTrajectory/webots_ros/install/bspline_smoother/include//bspline_smoother
[44.642s] -- Installing: /home/max/Bachelor_Navel/NavelTrajectory/webots_ros/install/bspline_smoother/include//bspline_smoother/bspline.hpp
[44.642s] -- Installing: /home/max/Bachelor_Navel/NavelTrajectory/webots_ros/install/bspline_smoother/include//bspline_smoother/bspline_smoother.hpp
[44.642s] -- Installing: /home/max/Bachelor_Navel/NavelTrajectory/webots_ros/install/bspline_smoother/share/bspline_smoother/smoother_plugin.xml
[44.642s] -- Installing: /home/max/Bachelor_Navel/NavelTrajectory/webots_ros/install/bspline_smoother/share/bspline_smoother/environment/library_path.sh
[44.642s] -- Installing: /home/max/Bachelor_Navel/NavelTrajectory/webots_ros/install/bspline_smoother/share/bspline_smoother/environment/library_path.dsv
[44.642s] -- Installing: /home/max/Bachelor_Navel/NavelTrajectory/webots_ros/install/bspline_smoother/share/ament_index/resource_index/package_run_dependencies/bspline_smoother
[44.643s] -- Installing: /home/max/Bachelor_Navel/NavelTrajectory/webots_ros/install/bspline_smoother/share/ament_index/resource_index/parent_prefix_path/bspline_smoother
[44.643s] -- Installing: /home/max/Bachelor_Navel/NavelTrajectory/webots_ros/install/bspline_smoother/share/bspline_smoother/environment/ament_prefix_path.sh
[44.643s] -- Installing: /home/max/Bachelor_Navel/NavelTrajectory/webots_ros/install/bspline_smoother/share/bspline_smoother/environment/ament_prefix_path.dsv
[44.643s] -- Installing: /home/max/Bachelor_Navel/NavelTrajectory/webots_ros/install/bspline_smoother/share/bspline_smoother/environment/path.sh
[44.643s] -- Installing: /home/max/Bachelor_Navel/NavelTrajectory/webots_ros/install/bspline_smoother/share/bspline_smoother/environment/path.dsv
[44.644s] -- Installing: /home/max/Bachelor_Navel/NavelTrajectory/webots_ros/install/bspline_smoother/share/bspline_smoother/local_setup.bash
[44.644s] -- Installing: /home/max/Bachelor_Navel/NavelTrajectory/webots_ros/install/bspline_smoother/share/bspline_smoother/local_setup.sh
[44.644s] -- Installing: /home/max/Bachelor_Navel/NavelTrajectory/webots_ros/install/bspline_smoother/share/bspline_smoother/local_setup.zsh
[44.644s] -- Installing: /home/max/Bachelor_Navel/NavelTrajectory/webots_ros/install/bspline_smoother/share/bspline_smoother/local_setup.dsv
[44.644s] -- Installing: /home/max/Bachelor_Navel/NavelTrajectory/webots_ros/install/bspline_smoother/share/bspline_smoother/package.dsv
[44.644s] -- Installing: /home/max/Bachelor_Navel/NavelTrajectory/webots_ros/install/bspline_smoother/share/ament_index/resource_index/packages/bspline_smoother
[44.645s] -- Installing: /home/max/Bachelor_Navel/NavelTrajectory/webots_ros/install/bspline_smoother/share/ament_index/resource_index/nav2_core__pluginlib__plugin/bspline_smoother
[44.645s] -- Installing: /home/max/Bachelor_Navel/NavelTrajectory/webots_ros/install/bspline_smoother/share/bspline_smoother/cmake/ament_cmake_export_include_directories-extras.cmake
[44.645s] -- Installing: /home/max/Bachelor_Navel/NavelTrajectory/webots_ros/install/bspline_smoother/share/bspline_smoother/cmake/ament_cmake_export_libraries-extras.cmake
[44.645s] -- Installing: /home/max/Bachelor_Navel/NavelTrajectory/webots_ros/install/bspline_smoother/share/bspline_smoother/cmake/ament_cmake_export_dependencies-extras.cmake
[44.645s] -- Installing: /home/max/Bachelor_Navel/NavelTrajectory/webots_ros/install/bspline_smoother/share/bspline_smoother/cmake/bspline_smootherConfig.cmake
[44.645s] -- Installing: /home/max/Bachelor_Navel/NavelTrajectory/webots_ros/install/bspline_smoother/share/bspline_smoother/cmake/bspline_smootherConfig-version.cmake
[44.646s] -- Installing: /home/max/Bachelor_Navel/NavelTrajectory/webots_ros/install/bspline_smoother/share/bspline_smoother/package.xml
[44.647s] Invoked command in '/home/max/Bachelor_Navel/NavelTrajectory/webots_ros/build/bspline_smoother' returned '0': CMAKE_PREFIX_PATH=${CMAKE_PREFIX_PATH}:/opt/ros/jazzy DEBUGINFOD_URLS=https://debuginfod.ubuntu.com /usr/bin/cmake --install /home/max/Bachelor_Navel/NavelTrajectory/webots_ros/build/bspline_smoother
