[0.163s] DEBUG:colcon:Command line arguments: ['/usr/bin/colcon', 'build', '--packages-select', 'my_package', 'rrtstar_planner', 'bspline_smoother']
[0.163s] DEBUG:colcon:Parsed command line arguments: Namespace(log_base=None, log_level=None, verb_name='build', build_base='build', install_base='install', merge_install=False, symlink_install=False, test_result_base=None, continue_on_error=False, executor='parallel', parallel_workers=4, event_handlers=None, ignore_user_meta=False, metas=['./colcon.meta'], base_paths=['.'], packages_ignore=None, packages_ignore_regex=None, paths=None, packages_up_to=None, packages_up_to_regex=None, packages_above=None, packages_above_and_dependencies=None, packages_above_depth=None, packages_select_by_dep=None, packages_skip_by_dep=None, packages_skip_up_to=None, packages_select_build_failed=False, packages_skip_build_finished=False, packages_select_test_failures=False, packages_skip_test_passed=False, packages_select=['my_package', 'rrtstar_planner', 'bspline_smoother'], packages_skip=None, packages_select_regex=None, packages_skip_regex=None, packages_start=None, packages_end=None, allow_overriding=[], cmake_args=None, cmake_target=None, cmake_target_skip_unavailable=False, cmake_clean_cache=False, cmake_clean_first=False, cmake_force_configure=False, ament_cmake_args=None, catkin_cmake_args=None, catkin_skip_building_tests=False, mixin_files=None, mixin=None, verb_parser=<colcon_mixin.mixin.mixin_argument.MixinArgumentDecorator object at 0x71e76e1a4da0>, verb_extension=<colcon_core.verb.build.BuildVerb object at 0x71e76e1a4a10>, main=<bound method BuildVerb.main of <colcon_core.verb.build.BuildVerb object at 0x71e76e1a4a10>>, mixin_verb=('build',))
[0.422s] Level 1:colcon.colcon_core.package_discovery:discover_packages(colcon_meta) check parameters
[0.422s] Level 1:colcon.colcon_core.package_discovery:discover_packages(recursive) check parameters
[0.422s] Level 1:colcon.colcon_core.package_discovery:discover_packages(ignore) check parameters
[0.422s] Level 1:colcon.colcon_core.package_discovery:discover_packages(path) check parameters
[0.422s] Level 1:colcon.colcon_core.package_discovery:discover_packages(colcon_meta) discover
[0.422s] Level 1:colcon.colcon_core.package_discovery:discover_packages(recursive) discover
[0.422s] INFO:colcon.colcon_core.package_discovery:Crawling recursively for packages in '/home/max/Bachelor_Navel/NavelTrajectory/webots_ros'
[0.422s] Level 1:colcon.colcon_core.package_identification:_identify(.) by extensions ['ignore', 'ignore_ament_install']
[0.422s] Level 1:colcon.colcon_core.package_identification:_identify(.) by extension 'ignore'
[0.422s] Level 1:colcon.colcon_core.package_identification:_identify(.) by extension 'ignore_ament_install'
[0.422s] Level 1:colcon.colcon_core.package_identification:_identify(.) by extensions ['colcon_pkg']
[0.422s] Level 1:colcon.colcon_core.package_identification:_identify(.) by extension 'colcon_pkg'
[0.423s] Level 1:colcon.colcon_core.package_identification:_identify(.) by extensions ['colcon_meta']
[0.423s] Level 1:colcon.colcon_core.package_identification:_identify(.) by extension 'colcon_meta'
[0.423s] Level 1:colcon.colcon_core.package_identification:_identify(.) by extensions ['ros']
[0.423s] Level 1:colcon.colcon_core.package_identification:_identify(.) by extension 'ros'
[0.486s] Level 1:colcon.colcon_core.package_identification:_identify(.) by extensions ['cmake', 'python']
[0.486s] Level 1:colcon.colcon_core.package_identification:_identify(.) by extension 'cmake'
[0.486s] Level 1:colcon.colcon_core.package_identification:_identify(.) by extension 'python'
[0.486s] Level 1:colcon.colcon_core.package_identification:_identify(.) by extensions ['python_setup_py']
[0.486s] Level 1:colcon.colcon_core.package_identification:_identify(.) by extension 'python_setup_py'
[0.487s] Level 1:colcon.colcon_core.package_identification:_identify(build) by extensions ['ignore', 'ignore_ament_install']
[0.487s] Level 1:colcon.colcon_core.package_identification:_identify(build) by extension 'ignore'
[0.487s] Level 1:colcon.colcon_core.package_identification:_identify(build) ignored
[0.487s] Level 1:colcon.colcon_core.package_identification:_identify(install) by extensions ['ignore', 'ignore_ament_install']
[0.487s] Level 1:colcon.colcon_core.package_identification:_identify(install) by extension 'ignore'
[0.487s] Level 1:colcon.colcon_core.package_identification:_identify(install) ignored
[0.487s] Level 1:colcon.colcon_core.package_identification:_identify(log) by extensions ['ignore', 'ignore_ament_install']
[0.487s] Level 1:colcon.colcon_core.package_identification:_identify(log) by extension 'ignore'
[0.487s] Level 1:colcon.colcon_core.package_identification:_identify(log) ignored
[0.487s] Level 1:colcon.colcon_core.package_identification:_identify(src) by extensions ['ignore', 'ignore_ament_install']
[0.487s] Level 1:colcon.colcon_core.package_identification:_identify(src) by extension 'ignore'
[0.487s] Level 1:colcon.colcon_core.package_identification:_identify(src) by extension 'ignore_ament_install'
[0.487s] Level 1:colcon.colcon_core.package_identification:_identify(src) by extensions ['colcon_pkg']
[0.487s] Level 1:colcon.colcon_core.package_identification:_identify(src) by extension 'colcon_pkg'
[0.488s] Level 1:colcon.colcon_core.package_identification:_identify(src) by extensions ['colcon_meta']
[0.488s] Level 1:colcon.colcon_core.package_identification:_identify(src) by extension 'colcon_meta'
[0.488s] Level 1:colcon.colcon_core.package_identification:_identify(src) by extensions ['ros']
[0.488s] Level 1:colcon.colcon_core.package_identification:_identify(src) by extension 'ros'
[0.488s] Level 1:colcon.colcon_core.package_identification:_identify(src) by extensions ['cmake', 'python']
[0.488s] Level 1:colcon.colcon_core.package_identification:_identify(src) by extension 'cmake'
[0.488s] Level 1:colcon.colcon_core.package_identification:_identify(src) by extension 'python'
[0.488s] Level 1:colcon.colcon_core.package_identification:_identify(src) by extensions ['python_setup_py']
[0.488s] Level 1:colcon.colcon_core.package_identification:_identify(src) by extension 'python_setup_py'
[0.488s] Level 1:colcon.colcon_core.package_identification:_identify(src/bspline_smoother) by extensions ['ignore', 'ignore_ament_install']
[0.488s] Level 1:colcon.colcon_core.package_identification:_identify(src/bspline_smoother) by extension 'ignore'
[0.488s] Level 1:colcon.colcon_core.package_identification:_identify(src/bspline_smoother) by extension 'ignore_ament_install'
[0.488s] Level 1:colcon.colcon_core.package_identification:_identify(src/bspline_smoother) by extensions ['colcon_pkg']
[0.488s] Level 1:colcon.colcon_core.package_identification:_identify(src/bspline_smoother) by extension 'colcon_pkg'
[0.488s] Level 1:colcon.colcon_core.package_identification:_identify(src/bspline_smoother) by extensions ['colcon_meta']
[0.488s] Level 1:colcon.colcon_core.package_identification:_identify(src/bspline_smoother) by extension 'colcon_meta'
[0.488s] Level 1:colcon.colcon_core.package_identification:_identify(src/bspline_smoother) by extensions ['ros']
[0.488s] Level 1:colcon.colcon_core.package_identification:_identify(src/bspline_smoother) by extension 'ros'
[0.501s] DEBUG:colcon.colcon_core.package_identification:Package 'src/bspline_smoother' with type 'ros.ament_cmake' and name 'bspline_smoother'
[0.501s] Level 1:colcon.colcon_core.package_identification:_identify(src/my_package) by extensions ['ignore', 'ignore_ament_install']
[0.501s] Level 1:colcon.colcon_core.package_identification:_identify(src/my_package) by extension 'ignore'
[0.501s] Level 1:colcon.colcon_core.package_identification:_identify(src/my_package) by extension 'ignore_ament_install'
[0.501s] Level 1:colcon.colcon_core.package_identification:_identify(src/my_package) by extensions ['colcon_pkg']
[0.501s] Level 1:colcon.colcon_core.package_identification:_identify(src/my_package) by extension 'colcon_pkg'
[0.501s] Level 1:colcon.colcon_core.package_identification:_identify(src/my_package) by extensions ['colcon_meta']
[0.501s] Level 1:colcon.colcon_core.package_identification:_identify(src/my_package) by extension 'colcon_meta'
[0.501s] Level 1:colcon.colcon_core.package_identification:_identify(src/my_package) by extensions ['ros']
[0.501s] Level 1:colcon.colcon_core.package_identification:_identify(src/my_package) by extension 'ros'
[0.502s] DEBUG:colcon.colcon_core.package_identification:Package 'src/my_package' with type 'ros.ament_python' and name 'my_package'
[0.502s] Level 1:colcon.colcon_core.package_identification:_identify(src/rrtstar_planner) by extensions ['ignore', 'ignore_ament_install']
[0.502s] Level 1:colcon.colcon_core.package_identification:_identify(src/rrtstar_planner) by extension 'ignore'
[0.502s] Level 1:colcon.colcon_core.package_identification:_identify(src/rrtstar_planner) by extension 'ignore_ament_install'
[0.502s] Level 1:colcon.colcon_core.package_identification:_identify(src/rrtstar_planner) by extensions ['colcon_pkg']
[0.503s] Level 1:colcon.colcon_core.package_identification:_identify(src/rrtstar_planner) by extension 'colcon_pkg'
[0.503s] Level 1:colcon.colcon_core.package_identification:_identify(src/rrtstar_planner) by extensions ['colcon_meta']
[0.503s] Level 1:colcon.colcon_core.package_identification:_identify(src/rrtstar_planner) by extension 'colcon_meta'
[0.503s] Level 1:colcon.colcon_core.package_identification:_identify(src/rrtstar_planner) by extensions ['ros']
[0.503s] Level 1:colcon.colcon_core.package_identification:_identify(src/rrtstar_planner) by extension 'ros'
[0.504s] DEBUG:colcon.colcon_core.package_identification:Package 'src/rrtstar_planner' with type 'ros.ament_cmake' and name 'rrtstar_planner'
[0.504s] Level 1:colcon.colcon_core.package_identification:_identify(test) by extensions ['ignore', 'ignore_ament_install']
[0.504s] Level 1:colcon.colcon_core.package_identification:_identify(test) by extension 'ignore'
[0.504s] Level 1:colcon.colcon_core.package_identification:_identify(test) by extension 'ignore_ament_install'
[0.504s] Level 1:colcon.colcon_core.package_identification:_identify(test) by extensions ['colcon_pkg']
[0.504s] Level 1:colcon.colcon_core.package_identification:_identify(test) by extension 'colcon_pkg'
[0.504s] Level 1:colcon.colcon_core.package_identification:_identify(test) by extensions ['colcon_meta']
[0.504s] Level 1:colcon.colcon_core.package_identification:_identify(test) by extension 'colcon_meta'
[0.504s] Level 1:colcon.colcon_core.package_identification:_identify(test) by extensions ['ros']
[0.504s] Level 1:colcon.colcon_core.package_identification:_identify(test) by extension 'ros'
[0.504s] Level 1:colcon.colcon_core.package_identification:_identify(test) by extensions ['cmake', 'python']
[0.504s] Level 1:colcon.colcon_core.package_identification:_identify(test) by extension 'cmake'
[0.504s] Level 1:colcon.colcon_core.package_identification:_identify(test) by extension 'python'
[0.505s] Level 1:colcon.colcon_core.package_identification:_identify(test) by extensions ['python_setup_py']
[0.505s] Level 1:colcon.colcon_core.package_identification:_identify(test) by extension 'python_setup_py'
[0.505s] Level 1:colcon.colcon_core.package_discovery:discover_packages(recursive) using defaults
[0.505s] Level 1:colcon.colcon_core.package_discovery:discover_packages(ignore) discover
[0.505s] Level 1:colcon.colcon_core.package_discovery:discover_packages(ignore) using defaults
[0.505s] Level 1:colcon.colcon_core.package_discovery:discover_packages(path) discover
[0.505s] Level 1:colcon.colcon_core.package_discovery:discover_packages(path) using defaults
[0.556s] Level 1:colcon.colcon_core.package_discovery:discover_packages(prefix_path) check parameters
[0.556s] Level 1:colcon.colcon_core.package_discovery:discover_packages(prefix_path) discover
[0.559s] DEBUG:colcon.colcon_installed_package_information.package_discovery:Found 403 installed packages in /opt/ros/jazzy
[0.561s] Level 1:colcon.colcon_core.package_discovery:discover_packages(prefix_path) using defaults
[0.638s] Level 5:colcon.colcon_core.verb:set package 'bspline_smoother' build argument 'cmake_args' from command line to 'None'
[0.638s] Level 5:colcon.colcon_core.verb:set package 'bspline_smoother' build argument 'cmake_target' from command line to 'None'
[0.639s] Level 5:colcon.colcon_core.verb:set package 'bspline_smoother' build argument 'cmake_target_skip_unavailable' from command line to 'False'
[0.639s] Level 5:colcon.colcon_core.verb:set package 'bspline_smoother' build argument 'cmake_clean_cache' from command line to 'False'
[0.639s] Level 5:colcon.colcon_core.verb:set package 'bspline_smoother' build argument 'cmake_clean_first' from command line to 'False'
[0.639s] Level 5:colcon.colcon_core.verb:set package 'bspline_smoother' build argument 'cmake_force_configure' from command line to 'False'
[0.639s] Level 5:colcon.colcon_core.verb:set package 'bspline_smoother' build argument 'ament_cmake_args' from command line to 'None'
[0.639s] Level 5:colcon.colcon_core.verb:set package 'bspline_smoother' build argument 'catkin_cmake_args' from command line to 'None'
[0.639s] Level 5:colcon.colcon_core.verb:set package 'bspline_smoother' build argument 'catkin_skip_building_tests' from command line to 'False'
[0.639s] DEBUG:colcon.colcon_core.verb:Building package 'bspline_smoother' with the following arguments: {'ament_cmake_args': None, 'build_base': '/home/max/Bachelor_Navel/NavelTrajectory/webots_ros/build/bspline_smoother', 'catkin_cmake_args': None, 'catkin_skip_building_tests': False, 'cmake_args': None, 'cmake_clean_cache': False, 'cmake_clean_first': False, 'cmake_force_configure': False, 'cmake_target': None, 'cmake_target_skip_unavailable': False, 'install_base': '/home/max/Bachelor_Navel/NavelTrajectory/webots_ros/install/bspline_smoother', 'merge_install': False, 'path': '/home/max/Bachelor_Navel/NavelTrajectory/webots_ros/src/bspline_smoother', 'symlink_install': False, 'test_result_base': None}
[0.639s] Level 5:colcon.colcon_core.verb:set package 'my_package' build argument 'cmake_args' from command line to 'None'
[0.639s] Level 5:colcon.colcon_core.verb:set package 'my_package' build argument 'cmake_target' from command line to 'None'
[0.639s] Level 5:colcon.colcon_core.verb:set package 'my_package' build argument 'cmake_target_skip_unavailable' from command line to 'False'
[0.639s] Level 5:colcon.colcon_core.verb:set package 'my_package' build argument 'cmake_clean_cache' from command line to 'False'
[0.639s] Level 5:colcon.colcon_core.verb:set package 'my_package' build argument 'cmake_clean_first' from command line to 'False'
[0.639s] Level 5:colcon.colcon_core.verb:set package 'my_package' build argument 'cmake_force_configure' from command line to 'False'
[0.639s] Level 5:colcon.colcon_core.verb:set package 'my_package' build argument 'ament_cmake_args' from command line to 'None'
[0.639s] Level 5:colcon.colcon_core.verb:set package 'my_package' build argument 'catkin_cmake_args' from command line to 'None'
[0.639s] Level 5:colcon.colcon_core.verb:set package 'my_package' build argument 'catkin_skip_building_tests' from command line to 'False'
[0.639s] DEBUG:colcon.colcon_core.verb:Building package 'my_package' with the following arguments: {'ament_cmake_args': None, 'build_base': '/home/max/Bachelor_Navel/NavelTrajectory/webots_ros/build/my_package', 'catkin_cmake_args': None, 'catkin_skip_building_tests': False, 'cmake_args': None, 'cmake_clean_cache': False, 'cmake_clean_first': False, 'cmake_force_configure': False, 'cmake_target': None, 'cmake_target_skip_unavailable': False, 'install_base': '/home/max/Bachelor_Navel/NavelTrajectory/webots_ros/install/my_package', 'merge_install': False, 'path': '/home/max/Bachelor_Navel/NavelTrajectory/webots_ros/src/my_package', 'symlink_install': False, 'test_result_base': None}
[0.639s] Level 5:colcon.colcon_core.verb:set package 'rrtstar_planner' build argument 'cmake_args' from command line to 'None'
[0.639s] Level 5:colcon.colcon_core.verb:set package 'rrtstar_planner' build argument 'cmake_target' from command line to 'None'
[0.639s] Level 5:colcon.colcon_core.verb:set package 'rrtstar_planner' build argument 'cmake_target_skip_unavailable' from command line to 'False'
[0.639s] Level 5:colcon.colcon_core.verb:set package 'rrtstar_planner' build argument 'cmake_clean_cache' from command line to 'False'
[0.639s] Level 5:colcon.colcon_core.verb:set package 'rrtstar_planner' build argument 'cmake_clean_first' from command line to 'False'
[0.639s] Level 5:colcon.colcon_core.verb:set package 'rrtstar_planner' build argument 'cmake_force_configure' from command line to 'False'
[0.639s] Level 5:colcon.colcon_core.verb:set package 'rrtstar_planner' build argument 'ament_cmake_args' from command line to 'None'
[0.640s] Level 5:colcon.colcon_core.verb:set package 'rrtstar_planner' build argument 'catkin_cmake_args' from command line to 'None'
[0.640s] Level 5:colcon.colcon_core.verb:set package 'rrtstar_planner' build argument 'catkin_skip_building_tests' from command line to 'False'
[0.640s] DEBUG:colcon.colcon_core.verb:Building package 'rrtstar_planner' with the following arguments: {'ament_cmake_args': None, 'build_base': '/home/max/Bachelor_Navel/NavelTrajectory/webots_ros/build/rrtstar_planner', 'catkin_cmake_args': None, 'catkin_skip_building_tests': False, 'cmake_args': None, 'cmake_clean_cache': False, 'cmake_clean_first': False, 'cmake_force_configure': False, 'cmake_target': None, 'cmake_target_skip_unavailable': False, 'install_base': '/home/max/Bachelor_Navel/NavelTrajectory/webots_ros/install/rrtstar_planner', 'merge_install': False, 'path': '/home/max/Bachelor_Navel/NavelTrajectory/webots_ros/src/rrtstar_planner', 'symlink_install': False, 'test_result_base': None}
[0.640s] INFO:colcon.colcon_core.executor:Executing jobs using 'parallel' executor
[0.641s] DEBUG:colcon.colcon_parallel_executor.executor.parallel:run_until_complete
[0.641s] INFO:colcon.colcon_ros.task.ament_cmake.build:Building ROS package in '/home/max/Bachelor_Navel/NavelTrajectory/webots_ros/src/bspline_smoother' with build type 'ament_cmake'
[0.641s] INFO:colcon.colcon_cmake.task.cmake.build:Building CMake package in '/home/max/Bachelor_Navel/NavelTrajectory/webots_ros/src/bspline_smoother'
[0.644s] INFO:colcon.colcon_core.plugin_system:Skipping extension 'colcon_core.shell.bat': Not used on non-Windows systems
[0.644s] INFO:colcon.colcon_core.shell:Skip shell extension 'powershell' for command environment: Not usable outside of PowerShell
[0.644s] DEBUG:colcon.colcon_core.shell:Skip shell extension 'dsv' for command environment
[0.648s] INFO:colcon.colcon_ros.task.ament_python.build:Building ROS package in '/home/max/Bachelor_Navel/NavelTrajectory/webots_ros/src/my_package' with build type 'ament_python'
[0.648s] Level 1:colcon.colcon_core.shell:create_environment_hook('my_package', 'ament_prefix_path')
[0.648s] INFO:colcon.colcon_core.shell:Creating environment hook '/home/max/Bachelor_Navel/NavelTrajectory/webots_ros/install/my_package/share/my_package/hook/ament_prefix_path.ps1'
[0.649s] INFO:colcon.colcon_core.shell:Creating environment descriptor '/home/max/Bachelor_Navel/NavelTrajectory/webots_ros/install/my_package/share/my_package/hook/ament_prefix_path.dsv'
[0.650s] INFO:colcon.colcon_core.shell:Creating environment hook '/home/max/Bachelor_Navel/NavelTrajectory/webots_ros/install/my_package/share/my_package/hook/ament_prefix_path.sh'
[0.651s] INFO:colcon.colcon_core.shell:Skip shell extension 'powershell' for command environment: Not usable outside of PowerShell
[0.651s] DEBUG:colcon.colcon_core.shell:Skip shell extension 'dsv' for command environment
[0.654s] INFO:colcon.colcon_ros.task.ament_cmake.build:Building ROS package in '/home/max/Bachelor_Navel/NavelTrajectory/webots_ros/src/rrtstar_planner' with build type 'ament_cmake'
[0.654s] INFO:colcon.colcon_cmake.task.cmake.build:Building CMake package in '/home/max/Bachelor_Navel/NavelTrajectory/webots_ros/src/rrtstar_planner'
[0.654s] INFO:colcon.colcon_core.shell:Skip shell extension 'powershell' for command environment: Not usable outside of PowerShell
[0.654s] DEBUG:colcon.colcon_core.shell:Skip shell extension 'dsv' for command environment
[0.662s] DEBUG:colcon.colcon_core.event_handler.log_command:Invoking command in '/home/max/Bachelor_Navel/NavelTrajectory/webots_ros/build/bspline_smoother': CMAKE_PREFIX_PATH=${CMAKE_PREFIX_PATH}:/opt/ros/jazzy DEBUGINFOD_URLS=https://debuginfod.ubuntu.com /usr/bin/cmake /home/max/Bachelor_Navel/NavelTrajectory/webots_ros/src/bspline_smoother -DCMAKE_INSTALL_PREFIX=/home/max/Bachelor_Navel/NavelTrajectory/webots_ros/install/bspline_smoother
[1.000s] INFO:colcon.colcon_core.task.python.build:Building Python package in '/home/max/Bachelor_Navel/NavelTrajectory/webots_ros/src/my_package'
[1.000s] INFO:colcon.colcon_core.shell:Skip shell extension 'powershell' for command environment: Not usable outside of PowerShell
[1.000s] DEBUG:colcon.colcon_core.shell:Skip shell extension 'dsv' for command environment
[1.008s] DEBUG:colcon.colcon_core.event_handler.log_command:Invoking command in '/home/max/Bachelor_Navel/NavelTrajectory/webots_ros/build/rrtstar_planner': CMAKE_PREFIX_PATH=${CMAKE_PREFIX_PATH}:/opt/ros/jazzy DEBUGINFOD_URLS=https://debuginfod.ubuntu.com /usr/bin/cmake /home/max/Bachelor_Navel/NavelTrajectory/webots_ros/src/rrtstar_planner -DCMAKE_INSTALL_PREFIX=/home/max/Bachelor_Navel/NavelTrajectory/webots_ros/install/rrtstar_planner
[11.157s] DEBUG:colcon.colcon_core.event_handler.log_command:Invoking command in '/home/max/Bachelor_Navel/NavelTrajectory/webots_ros/src/my_package': DEBUGINFOD_URLS=https://debuginfod.ubuntu.com PYTHONPATH=/home/max/Bachelor_Navel/NavelTrajectory/webots_ros/build/my_package/prefix_override:/usr/lib/python3/dist-packages/colcon_core/task/python/colcon_distutils_commands:/home/max/Bachelor_Navel/NavelTrajectory/webots_ros/install/my_package/lib/python3.12/site-packages:${PYTHONPATH} /usr/bin/python3 -W ignore:setup.py install is deprecated -W ignore:easy_install command is deprecated setup.py egg_info --egg-base ../../build/my_package build --build-base /home/max/Bachelor_Navel/NavelTrajectory/webots_ros/build/my_package/build install --record /home/max/Bachelor_Navel/NavelTrajectory/webots_ros/build/my_package/install.log --single-version-externally-managed install_data
[11.996s] DEBUG:colcon.colcon_core.event_handler.log_command:Invoked command in '/home/max/Bachelor_Navel/NavelTrajectory/webots_ros/src/my_package' returned '0': DEBUGINFOD_URLS=https://debuginfod.ubuntu.com PYTHONPATH=/home/max/Bachelor_Navel/NavelTrajectory/webots_ros/build/my_package/prefix_override:/usr/lib/python3/dist-packages/colcon_core/task/python/colcon_distutils_commands:/home/max/Bachelor_Navel/NavelTrajectory/webots_ros/install/my_package/lib/python3.12/site-packages:${PYTHONPATH} /usr/bin/python3 -W ignore:setup.py install is deprecated -W ignore:easy_install command is deprecated setup.py egg_info --egg-base ../../build/my_package build --build-base /home/max/Bachelor_Navel/NavelTrajectory/webots_ros/build/my_package/build install --record /home/max/Bachelor_Navel/NavelTrajectory/webots_ros/build/my_package/install.log --single-version-externally-managed install_data
[11.998s] Level 1:colcon.colcon_core.environment:checking '/home/max/Bachelor_Navel/NavelTrajectory/webots_ros/install/my_package' for CMake module files
[11.998s] Level 1:colcon.colcon_core.environment:checking '/home/max/Bachelor_Navel/NavelTrajectory/webots_ros/install/my_package' for CMake config files
[11.999s] Level 1:colcon.colcon_core.environment:checking '/home/max/Bachelor_Navel/NavelTrajectory/webots_ros/install/my_package/lib'
[11.999s] Level 1:colcon.colcon_core.environment:checking '/home/max/Bachelor_Navel/NavelTrajectory/webots_ros/install/my_package/bin'
[11.999s] Level 1:colcon.colcon_core.environment:checking '/home/max/Bachelor_Navel/NavelTrajectory/webots_ros/install/my_package/lib/pkgconfig/my_package.pc'
[12.000s] Level 1:colcon.colcon_core.environment:checking '/home/max/Bachelor_Navel/NavelTrajectory/webots_ros/install/my_package/lib/python3.12/site-packages'
[12.000s] Level 1:colcon.colcon_core.shell:create_environment_hook('my_package', 'pythonpath')
[12.000s] INFO:colcon.colcon_core.shell:Creating environment hook '/home/max/Bachelor_Navel/NavelTrajectory/webots_ros/install/my_package/share/my_package/hook/pythonpath.ps1'
[12.000s] INFO:colcon.colcon_core.shell:Creating environment descriptor '/home/max/Bachelor_Navel/NavelTrajectory/webots_ros/install/my_package/share/my_package/hook/pythonpath.dsv'
[12.000s] INFO:colcon.colcon_core.shell:Creating environment hook '/home/max/Bachelor_Navel/NavelTrajectory/webots_ros/install/my_package/share/my_package/hook/pythonpath.sh'
[12.001s] Level 1:colcon.colcon_core.environment:checking '/home/max/Bachelor_Navel/NavelTrajectory/webots_ros/install/my_package/bin'
[12.001s] Level 1:colcon.colcon_core.environment:create_environment_scripts_only(my_package)
[12.001s] INFO:colcon.colcon_core.shell:Creating package script '/home/max/Bachelor_Navel/NavelTrajectory/webots_ros/install/my_package/share/my_package/package.ps1'
[12.002s] INFO:colcon.colcon_core.shell:Creating package descriptor '/home/max/Bachelor_Navel/NavelTrajectory/webots_ros/install/my_package/share/my_package/package.dsv'
[12.002s] INFO:colcon.colcon_core.shell:Creating package script '/home/max/Bachelor_Navel/NavelTrajectory/webots_ros/install/my_package/share/my_package/package.sh'
[12.003s] INFO:colcon.colcon_core.shell:Creating package script '/home/max/Bachelor_Navel/NavelTrajectory/webots_ros/install/my_package/share/my_package/package.bash'
[12.003s] INFO:colcon.colcon_core.shell:Creating package script '/home/max/Bachelor_Navel/NavelTrajectory/webots_ros/install/my_package/share/my_package/package.zsh'
[12.004s] Level 1:colcon.colcon_core.environment:create_file_with_runtime_dependencies(/home/max/Bachelor_Navel/NavelTrajectory/webots_ros/install/my_package/share/colcon-core/packages/my_package)
[14.597s] DEBUG:colcon.colcon_core.event_handler.log_command:Invoked command in '/home/max/Bachelor_Navel/NavelTrajectory/webots_ros/build/rrtstar_planner' returned '0': CMAKE_PREFIX_PATH=${CMAKE_PREFIX_PATH}:/opt/ros/jazzy DEBUGINFOD_URLS=https://debuginfod.ubuntu.com /usr/bin/cmake /home/max/Bachelor_Navel/NavelTrajectory/webots_ros/src/rrtstar_planner -DCMAKE_INSTALL_PREFIX=/home/max/Bachelor_Navel/NavelTrajectory/webots_ros/install/rrtstar_planner
[14.599s] DEBUG:colcon.colcon_core.event_handler.log_command:Invoking command in '/home/max/Bachelor_Navel/NavelTrajectory/webots_ros/build/rrtstar_planner': CMAKE_PREFIX_PATH=${CMAKE_PREFIX_PATH}:/opt/ros/jazzy DEBUGINFOD_URLS=https://debuginfod.ubuntu.com /usr/bin/cmake --build /home/max/Bachelor_Navel/NavelTrajectory/webots_ros/build/rrtstar_planner -- -j4 -l4
[14.600s] DEBUG:colcon.colcon_core.event_handler.log_command:Invoked command in '/home/max/Bachelor_Navel/NavelTrajectory/webots_ros/build/bspline_smoother' returned '0': CMAKE_PREFIX_PATH=${CMAKE_PREFIX_PATH}:/opt/ros/jazzy DEBUGINFOD_URLS=https://debuginfod.ubuntu.com /usr/bin/cmake /home/max/Bachelor_Navel/NavelTrajectory/webots_ros/src/bspline_smoother -DCMAKE_INSTALL_PREFIX=/home/max/Bachelor_Navel/NavelTrajectory/webots_ros/install/bspline_smoother
[14.601s] DEBUG:colcon.colcon_core.event_handler.log_command:Invoking command in '/home/max/Bachelor_Navel/NavelTrajectory/webots_ros/build/bspline_smoother': CMAKE_PREFIX_PATH=${CMAKE_PREFIX_PATH}:/opt/ros/jazzy DEBUGINFOD_URLS=https://debuginfod.ubuntu.com /usr/bin/cmake --build /home/max/Bachelor_Navel/NavelTrajectory/webots_ros/build/bspline_smoother -- -j4 -l4
[45.150s] DEBUG:colcon.colcon_core.event_handler.log_command:Invoked command in '/home/max/Bachelor_Navel/NavelTrajectory/webots_ros/build/rrtstar_planner' returned '0': CMAKE_PREFIX_PATH=${CMAKE_PREFIX_PATH}:/opt/ros/jazzy DEBUGINFOD_URLS=https://debuginfod.ubuntu.com /usr/bin/cmake --build /home/max/Bachelor_Navel/NavelTrajectory/webots_ros/build/rrtstar_planner -- -j4 -l4
[45.163s] DEBUG:colcon.colcon_core.event_handler.log_command:Invoking command in '/home/max/Bachelor_Navel/NavelTrajectory/webots_ros/build/rrtstar_planner': CMAKE_PREFIX_PATH=${CMAKE_PREFIX_PATH}:/opt/ros/jazzy DEBUGINFOD_URLS=https://debuginfod.ubuntu.com /usr/bin/cmake --install /home/max/Bachelor_Navel/NavelTrajectory/webots_ros/build/rrtstar_planner
[45.183s] Level 1:colcon.colcon_core.environment:create_environment_scripts_only(rrtstar_planner)
[45.183s] Level 1:colcon.colcon_core.environment:checking '/home/max/Bachelor_Navel/NavelTrajectory/webots_ros/install/rrtstar_planner' for CMake module files
[45.184s] Level 1:colcon.colcon_core.environment:checking '/home/max/Bachelor_Navel/NavelTrajectory/webots_ros/install/rrtstar_planner' for CMake config files
[45.184s] Level 1:colcon.colcon_core.shell:create_environment_hook('rrtstar_planner', 'cmake_prefix_path')
[45.184s] INFO:colcon.colcon_core.shell:Creating environment hook '/home/max/Bachelor_Navel/NavelTrajectory/webots_ros/install/rrtstar_planner/share/rrtstar_planner/hook/cmake_prefix_path.ps1'
[45.185s] INFO:colcon.colcon_core.shell:Creating environment descriptor '/home/max/Bachelor_Navel/NavelTrajectory/webots_ros/install/rrtstar_planner/share/rrtstar_planner/hook/cmake_prefix_path.dsv'
[45.185s] INFO:colcon.colcon_core.shell:Creating environment hook '/home/max/Bachelor_Navel/NavelTrajectory/webots_ros/install/rrtstar_planner/share/rrtstar_planner/hook/cmake_prefix_path.sh'
[45.186s] Level 1:colcon.colcon_core.environment:checking '/home/max/Bachelor_Navel/NavelTrajectory/webots_ros/install/rrtstar_planner/lib'
[45.186s] Level 1:colcon.colcon_core.shell:create_environment_hook('rrtstar_planner', 'ld_library_path_lib')
[45.186s] INFO:colcon.colcon_core.shell:Creating environment hook '/home/max/Bachelor_Navel/NavelTrajectory/webots_ros/install/rrtstar_planner/share/rrtstar_planner/hook/ld_library_path_lib.ps1'
[45.186s] DEBUG:colcon.colcon_core.event_handler.log_command:Invoked command in '/home/max/Bachelor_Navel/NavelTrajectory/webots_ros/build/rrtstar_planner' returned '0': CMAKE_PREFIX_PATH=${CMAKE_PREFIX_PATH}:/opt/ros/jazzy DEBUGINFOD_URLS=https://debuginfod.ubuntu.com /usr/bin/cmake --install /home/max/Bachelor_Navel/NavelTrajectory/webots_ros/build/rrtstar_planner
[45.187s] INFO:colcon.colcon_core.shell:Creating environment descriptor '/home/max/Bachelor_Navel/NavelTrajectory/webots_ros/install/rrtstar_planner/share/rrtstar_planner/hook/ld_library_path_lib.dsv'
[45.187s] INFO:colcon.colcon_core.shell:Creating environment hook '/home/max/Bachelor_Navel/NavelTrajectory/webots_ros/install/rrtstar_planner/share/rrtstar_planner/hook/ld_library_path_lib.sh'
[45.187s] Level 1:colcon.colcon_core.environment:checking '/home/max/Bachelor_Navel/NavelTrajectory/webots_ros/install/rrtstar_planner/bin'
[45.187s] Level 1:colcon.colcon_core.environment:checking '/home/max/Bachelor_Navel/NavelTrajectory/webots_ros/install/rrtstar_planner/lib/pkgconfig/rrtstar_planner.pc'
[45.188s] Level 1:colcon.colcon_core.environment:checking '/home/max/Bachelor_Navel/NavelTrajectory/webots_ros/install/rrtstar_planner/lib/python3.12/site-packages'
[45.188s] Level 1:colcon.colcon_core.environment:checking '/home/max/Bachelor_Navel/NavelTrajectory/webots_ros/install/rrtstar_planner/bin'
[45.188s] INFO:colcon.colcon_core.shell:Creating package script '/home/max/Bachelor_Navel/NavelTrajectory/webots_ros/install/rrtstar_planner/share/rrtstar_planner/package.ps1'
[45.189s] INFO:colcon.colcon_core.shell:Creating package descriptor '/home/max/Bachelor_Navel/NavelTrajectory/webots_ros/install/rrtstar_planner/share/rrtstar_planner/package.dsv'
[45.189s] INFO:colcon.colcon_core.shell:Creating package script '/home/max/Bachelor_Navel/NavelTrajectory/webots_ros/install/rrtstar_planner/share/rrtstar_planner/package.sh'
[45.190s] INFO:colcon.colcon_core.shell:Creating package script '/home/max/Bachelor_Navel/NavelTrajectory/webots_ros/install/rrtstar_planner/share/rrtstar_planner/package.bash'
[45.190s] INFO:colcon.colcon_core.shell:Creating package script '/home/max/Bachelor_Navel/NavelTrajectory/webots_ros/install/rrtstar_planner/share/rrtstar_planner/package.zsh'
[45.191s] Level 1:colcon.colcon_core.environment:create_file_with_runtime_dependencies(/home/max/Bachelor_Navel/NavelTrajectory/webots_ros/install/rrtstar_planner/share/colcon-core/packages/rrtstar_planner)
[45.191s] Level 1:colcon.colcon_core.environment:create_environment_scripts_only(rrtstar_planner)
[45.191s] Level 1:colcon.colcon_core.environment:checking '/home/max/Bachelor_Navel/NavelTrajectory/webots_ros/install/rrtstar_planner' for CMake module files
[45.192s] Level 1:colcon.colcon_core.environment:checking '/home/max/Bachelor_Navel/NavelTrajectory/webots_ros/install/rrtstar_planner' for CMake config files
[45.192s] Level 1:colcon.colcon_core.shell:create_environment_hook('rrtstar_planner', 'cmake_prefix_path')
[45.192s] INFO:colcon.colcon_core.shell:Creating environment hook '/home/max/Bachelor_Navel/NavelTrajectory/webots_ros/install/rrtstar_planner/share/rrtstar_planner/hook/cmake_prefix_path.ps1'
[45.193s] INFO:colcon.colcon_core.shell:Creating environment descriptor '/home/max/Bachelor_Navel/NavelTrajectory/webots_ros/install/rrtstar_planner/share/rrtstar_planner/hook/cmake_prefix_path.dsv'
[45.194s] INFO:colcon.colcon_core.shell:Creating environment hook '/home/max/Bachelor_Navel/NavelTrajectory/webots_ros/install/rrtstar_planner/share/rrtstar_planner/hook/cmake_prefix_path.sh'
[45.194s] Level 1:colcon.colcon_core.environment:checking '/home/max/Bachelor_Navel/NavelTrajectory/webots_ros/install/rrtstar_planner/lib'
[45.194s] Level 1:colcon.colcon_core.shell:create_environment_hook('rrtstar_planner', 'ld_library_path_lib')
[45.195s] INFO:colcon.colcon_core.shell:Creating environment hook '/home/max/Bachelor_Navel/NavelTrajectory/webots_ros/install/rrtstar_planner/share/rrtstar_planner/hook/ld_library_path_lib.ps1'
[45.195s] INFO:colcon.colcon_core.shell:Creating environment descriptor '/home/max/Bachelor_Navel/NavelTrajectory/webots_ros/install/rrtstar_planner/share/rrtstar_planner/hook/ld_library_path_lib.dsv'
[45.196s] INFO:colcon.colcon_core.shell:Creating environment hook '/home/max/Bachelor_Navel/NavelTrajectory/webots_ros/install/rrtstar_planner/share/rrtstar_planner/hook/ld_library_path_lib.sh'
[45.197s] Level 1:colcon.colcon_core.environment:checking '/home/max/Bachelor_Navel/NavelTrajectory/webots_ros/install/rrtstar_planner/bin'
[45.197s] Level 1:colcon.colcon_core.environment:checking '/home/max/Bachelor_Navel/NavelTrajectory/webots_ros/install/rrtstar_planner/lib/pkgconfig/rrtstar_planner.pc'
[45.198s] Level 1:colcon.colcon_core.environment:checking '/home/max/Bachelor_Navel/NavelTrajectory/webots_ros/install/rrtstar_planner/lib/python3.12/site-packages'
[45.198s] Level 1:colcon.colcon_core.environment:checking '/home/max/Bachelor_Navel/NavelTrajectory/webots_ros/install/rrtstar_planner/bin'
[45.198s] INFO:colcon.colcon_core.shell:Creating package script '/home/max/Bachelor_Navel/NavelTrajectory/webots_ros/install/rrtstar_planner/share/rrtstar_planner/package.ps1'
[45.200s] INFO:colcon.colcon_core.shell:Creating package descriptor '/home/max/Bachelor_Navel/NavelTrajectory/webots_ros/install/rrtstar_planner/share/rrtstar_planner/package.dsv'
[45.200s] INFO:colcon.colcon_core.shell:Creating package script '/home/max/Bachelor_Navel/NavelTrajectory/webots_ros/install/rrtstar_planner/share/rrtstar_planner/package.sh'
[45.201s] INFO:colcon.colcon_core.shell:Creating package script '/home/max/Bachelor_Navel/NavelTrajectory/webots_ros/install/rrtstar_planner/share/rrtstar_planner/package.bash'
[45.202s] INFO:colcon.colcon_core.shell:Creating package script '/home/max/Bachelor_Navel/NavelTrajectory/webots_ros/install/rrtstar_planner/share/rrtstar_planner/package.zsh'
[45.203s] Level 1:colcon.colcon_core.environment:create_file_with_runtime_dependencies(/home/max/Bachelor_Navel/NavelTrajectory/webots_ros/install/rrtstar_planner/share/colcon-core/packages/rrtstar_planner)
[45.266s] DEBUG:colcon.colcon_core.event_handler.log_command:Invoked command in '/home/max/Bachelor_Navel/NavelTrajectory/webots_ros/build/bspline_smoother' returned '0': CMAKE_PREFIX_PATH=${CMAKE_PREFIX_PATH}:/opt/ros/jazzy DEBUGINFOD_URLS=https://debuginfod.ubuntu.com /usr/bin/cmake --build /home/max/Bachelor_Navel/NavelTrajectory/webots_ros/build/bspline_smoother -- -j4 -l4
[45.268s] DEBUG:colcon.colcon_core.event_handler.log_command:Invoking command in '/home/max/Bachelor_Navel/NavelTrajectory/webots_ros/build/bspline_smoother': CMAKE_PREFIX_PATH=${CMAKE_PREFIX_PATH}:/opt/ros/jazzy DEBUGINFOD_URLS=https://debuginfod.ubuntu.com /usr/bin/cmake --install /home/max/Bachelor_Navel/NavelTrajectory/webots_ros/build/bspline_smoother
[45.288s] Level 1:colcon.colcon_core.environment:create_environment_scripts_only(bspline_smoother)
[45.289s] DEBUG:colcon.colcon_core.event_handler.log_command:Invoked command in '/home/max/Bachelor_Navel/NavelTrajectory/webots_ros/build/bspline_smoother' returned '0': CMAKE_PREFIX_PATH=${CMAKE_PREFIX_PATH}:/opt/ros/jazzy DEBUGINFOD_URLS=https://debuginfod.ubuntu.com /usr/bin/cmake --install /home/max/Bachelor_Navel/NavelTrajectory/webots_ros/build/bspline_smoother
[45.289s] Level 1:colcon.colcon_core.environment:checking '/home/max/Bachelor_Navel/NavelTrajectory/webots_ros/install/bspline_smoother' for CMake module files
[45.289s] Level 1:colcon.colcon_core.environment:checking '/home/max/Bachelor_Navel/NavelTrajectory/webots_ros/install/bspline_smoother' for CMake config files
[45.290s] Level 1:colcon.colcon_core.shell:create_environment_hook('bspline_smoother', 'cmake_prefix_path')
[45.290s] INFO:colcon.colcon_core.shell:Creating environment hook '/home/max/Bachelor_Navel/NavelTrajectory/webots_ros/install/bspline_smoother/share/bspline_smoother/hook/cmake_prefix_path.ps1'
[45.290s] INFO:colcon.colcon_core.shell:Creating environment descriptor '/home/max/Bachelor_Navel/NavelTrajectory/webots_ros/install/bspline_smoother/share/bspline_smoother/hook/cmake_prefix_path.dsv'
[45.291s] INFO:colcon.colcon_core.shell:Creating environment hook '/home/max/Bachelor_Navel/NavelTrajectory/webots_ros/install/bspline_smoother/share/bspline_smoother/hook/cmake_prefix_path.sh'
[45.291s] Level 1:colcon.colcon_core.environment:checking '/home/max/Bachelor_Navel/NavelTrajectory/webots_ros/install/bspline_smoother/lib'
[45.291s] Level 1:colcon.colcon_core.shell:create_environment_hook('bspline_smoother', 'ld_library_path_lib')
[45.292s] INFO:colcon.colcon_core.shell:Creating environment hook '/home/max/Bachelor_Navel/NavelTrajectory/webots_ros/install/bspline_smoother/share/bspline_smoother/hook/ld_library_path_lib.ps1'
[45.292s] INFO:colcon.colcon_core.shell:Creating environment descriptor '/home/max/Bachelor_Navel/NavelTrajectory/webots_ros/install/bspline_smoother/share/bspline_smoother/hook/ld_library_path_lib.dsv'
[45.292s] INFO:colcon.colcon_core.shell:Creating environment hook '/home/max/Bachelor_Navel/NavelTrajectory/webots_ros/install/bspline_smoother/share/bspline_smoother/hook/ld_library_path_lib.sh'
[45.293s] Level 1:colcon.colcon_core.environment:checking '/home/max/Bachelor_Navel/NavelTrajectory/webots_ros/install/bspline_smoother/bin'
[45.293s] Level 1:colcon.colcon_core.environment:checking '/home/max/Bachelor_Navel/NavelTrajectory/webots_ros/install/bspline_smoother/lib/pkgconfig/bspline_smoother.pc'
[45.293s] Level 1:colcon.colcon_core.environment:checking '/home/max/Bachelor_Navel/NavelTrajectory/webots_ros/install/bspline_smoother/lib/python3.12/site-packages'
[45.293s] Level 1:colcon.colcon_core.environment:checking '/home/max/Bachelor_Navel/NavelTrajectory/webots_ros/install/bspline_smoother/bin'
[45.293s] INFO:colcon.colcon_core.shell:Creating package script '/home/max/Bachelor_Navel/NavelTrajectory/webots_ros/install/bspline_smoother/share/bspline_smoother/package.ps1'
[45.294s] INFO:colcon.colcon_core.shell:Creating package descriptor '/home/max/Bachelor_Navel/NavelTrajectory/webots_ros/install/bspline_smoother/share/bspline_smoother/package.dsv'
[45.294s] INFO:colcon.colcon_core.shell:Creating package script '/home/max/Bachelor_Navel/NavelTrajectory/webots_ros/install/bspline_smoother/share/bspline_smoother/package.sh'
[45.295s] INFO:colcon.colcon_core.shell:Creating package script '/home/max/Bachelor_Navel/NavelTrajectory/webots_ros/install/bspline_smoother/share/bspline_smoother/package.bash'
[45.295s] INFO:colcon.colcon_core.shell:Creating package script '/home/max/Bachelor_Navel/NavelTrajectory/webots_ros/install/bspline_smoother/share/bspline_smoother/package.zsh'
[45.295s] Level 1:colcon.colcon_core.environment:create_file_with_runtime_dependencies(/home/max/Bachelor_Navel/NavelTrajectory/webots_ros/install/bspline_smoother/share/colcon-core/packages/bspline_smoother)
[45.296s] Level 1:colcon.colcon_core.environment:create_environment_scripts_only(bspline_smoother)
[45.296s] Level 1:colcon.colcon_core.environment:checking '/home/max/Bachelor_Navel/NavelTrajectory/webots_ros/install/bspline_smoother' for CMake module files
[45.297s] Level 1:colcon.colcon_core.environment:checking '/home/max/Bachelor_Navel/NavelTrajectory/webots_ros/install/bspline_smoother' for CMake config files
[45.297s] Level 1:colcon.colcon_core.shell:create_environment_hook('bspline_smoother', 'cmake_prefix_path')
[45.297s] INFO:colcon.colcon_core.shell:Creating environment hook '/home/max/Bachelor_Navel/NavelTrajectory/webots_ros/install/bspline_smoother/share/bspline_smoother/hook/cmake_prefix_path.ps1'
[45.298s] INFO:colcon.colcon_core.shell:Creating environment descriptor '/home/max/Bachelor_Navel/NavelTrajectory/webots_ros/install/bspline_smoother/share/bspline_smoother/hook/cmake_prefix_path.dsv'
[45.298s] INFO:colcon.colcon_core.shell:Creating environment hook '/home/max/Bachelor_Navel/NavelTrajectory/webots_ros/install/bspline_smoother/share/bspline_smoother/hook/cmake_prefix_path.sh'
[45.299s] Level 1:colcon.colcon_core.environment:checking '/home/max/Bachelor_Navel/NavelTrajectory/webots_ros/install/bspline_smoother/lib'
[45.299s] Level 1:colcon.colcon_core.shell:create_environment_hook('bspline_smoother', 'ld_library_path_lib')
[45.299s] INFO:colcon.colcon_core.shell:Creating environment hook '/home/max/Bachelor_Navel/NavelTrajectory/webots_ros/install/bspline_smoother/share/bspline_smoother/hook/ld_library_path_lib.ps1'
[45.300s] INFO:colcon.colcon_core.shell:Creating environment descriptor '/home/max/Bachelor_Navel/NavelTrajectory/webots_ros/install/bspline_smoother/share/bspline_smoother/hook/ld_library_path_lib.dsv'
[45.300s] INFO:colcon.colcon_core.shell:Creating environment hook '/home/max/Bachelor_Navel/NavelTrajectory/webots_ros/install/bspline_smoother/share/bspline_smoother/hook/ld_library_path_lib.sh'
[45.300s] Level 1:colcon.colcon_core.environment:checking '/home/max/Bachelor_Navel/NavelTrajectory/webots_ros/install/bspline_smoother/bin'
[45.301s] Level 1:colcon.colcon_core.environment:checking '/home/max/Bachelor_Navel/NavelTrajectory/webots_ros/install/bspline_smoother/lib/pkgconfig/bspline_smoother.pc'
[45.301s] Level 1:colcon.colcon_core.environment:checking '/home/max/Bachelor_Navel/NavelTrajectory/webots_ros/install/bspline_smoother/lib/python3.12/site-packages'
[45.301s] Level 1:colcon.colcon_core.environment:checking '/home/max/Bachelor_Navel/NavelTrajectory/webots_ros/install/bspline_smoother/bin'
[45.301s] INFO:colcon.colcon_core.shell:Creating package script '/home/max/Bachelor_Navel/NavelTrajectory/webots_ros/install/bspline_smoother/share/bspline_smoother/package.ps1'
[45.302s] INFO:colcon.colcon_core.shell:Creating package descriptor '/home/max/Bachelor_Navel/NavelTrajectory/webots_ros/install/bspline_smoother/share/bspline_smoother/package.dsv'
[45.303s] INFO:colcon.colcon_core.shell:Creating package script '/home/max/Bachelor_Navel/NavelTrajectory/webots_ros/install/bspline_smoother/share/bspline_smoother/package.sh'
[45.304s] INFO:colcon.colcon_core.shell:Creating package script '/home/max/Bachelor_Navel/NavelTrajectory/webots_ros/install/bspline_smoother/share/bspline_smoother/package.bash'
[45.304s] INFO:colcon.colcon_core.shell:Creating package script '/home/max/Bachelor_Navel/NavelTrajectory/webots_ros/install/bspline_smoother/share/bspline_smoother/package.zsh'
[45.305s] Level 1:colcon.colcon_core.environment:create_file_with_runtime_dependencies(/home/max/Bachelor_Navel/NavelTrajectory/webots_ros/install/bspline_smoother/share/colcon-core/packages/bspline_smoother)
[45.305s] DEBUG:colcon.colcon_parallel_executor.executor.parallel:closing loop
[45.306s] DEBUG:colcon.colcon_parallel_executor.executor.parallel:loop closed
[45.306s] DEBUG:colcon.colcon_parallel_executor.executor.parallel:run_until_complete finished with '0'
[45.306s] DEBUG:colcon.colcon_core.event_reactor:joining thread
[45.313s] INFO:colcon.colcon_core.plugin_system:Skipping extension 'colcon_notification.desktop_notification.terminal_notifier': Not used on non-Darwin systems
[45.313s] INFO:colcon.colcon_core.plugin_system:Skipping extension 'colcon_notification.desktop_notification.win32': Not used on non-Windows systems
[45.313s] INFO:colcon.colcon_notification.desktop_notification:Sending desktop notification using 'notify2'
[45.380s] DEBUG:colcon.colcon_core.event_reactor:joined thread
[45.380s] INFO:colcon.colcon_core.shell:Creating prefix script '/home/max/Bachelor_Navel/NavelTrajectory/webots_ros/install/local_setup.ps1'
[45.381s] INFO:colcon.colcon_core.shell:Creating prefix util module '/home/max/Bachelor_Navel/NavelTrajectory/webots_ros/install/_local_setup_util_ps1.py'
[45.382s] INFO:colcon.colcon_core.shell:Creating prefix chain script '/home/max/Bachelor_Navel/NavelTrajectory/webots_ros/install/setup.ps1'
[45.383s] INFO:colcon.colcon_core.shell:Creating prefix script '/home/max/Bachelor_Navel/NavelTrajectory/webots_ros/install/local_setup.sh'
[45.383s] INFO:colcon.colcon_core.shell:Creating prefix util module '/home/max/Bachelor_Navel/NavelTrajectory/webots_ros/install/_local_setup_util_sh.py'
[45.384s] INFO:colcon.colcon_core.shell:Creating prefix chain script '/home/max/Bachelor_Navel/NavelTrajectory/webots_ros/install/setup.sh'
[45.385s] INFO:colcon.colcon_core.shell:Creating prefix script '/home/max/Bachelor_Navel/NavelTrajectory/webots_ros/install/local_setup.bash'
[45.385s] INFO:colcon.colcon_core.shell:Creating prefix chain script '/home/max/Bachelor_Navel/NavelTrajectory/webots_ros/install/setup.bash'
[45.386s] INFO:colcon.colcon_core.shell:Creating prefix script '/home/max/Bachelor_Navel/NavelTrajectory/webots_ros/install/local_setup.zsh'
[45.386s] INFO:colcon.colcon_core.shell:Creating prefix chain script '/home/max/Bachelor_Navel/NavelTrajectory/webots_ros/install/setup.zsh'
