/home/max/Bachelor_Navel/NavelTrajectory/webots_ros/install/my_package/lib/python3.12/site-packages/my_package/state_publisher.py
/home/max/Bachelor_Navel/NavelTrajectory/webots_ros/install/my_package/lib/python3.12/site-packages/my_package/motion_detection.py
/home/max/Bachelor_Navel/NavelTrajectory/webots_ros/install/my_package/lib/python3.12/site-packages/my_package/odom_publisher.py
/home/max/Bachelor_Navel/NavelTrajectory/webots_ros/install/my_package/lib/python3.12/site-packages/my_package/room_navigation.py
/home/max/Bachelor_Navel/NavelTrajectory/webots_ros/install/my_package/lib/python3.12/site-packages/my_package/metric_logger.py
/home/max/Bachelor_Navel/NavelTrajectory/webots_ros/install/my_package/lib/python3.12/site-packages/my_package/pedestrian_driver.py
/home/max/Bachelor_Navel/NavelTrajectory/webots_ros/install/my_package/lib/python3.12/site-packages/my_package/scan_republisher.py
/home/max/Bachelor_Navel/NavelTrajectory/webots_ros/install/my_package/lib/python3.12/site-packages/my_package/__init__.py
/home/max/Bachelor_Navel/NavelTrajectory/webots_ros/install/my_package/lib/python3.12/site-packages/my_package/obstacle_avoider.py
/home/max/Bachelor_Navel/NavelTrajectory/webots_ros/install/my_package/lib/python3.12/site-packages/my_package/navel_driver.py
/home/max/Bachelor_Navel/NavelTrajectory/webots_ros/install/my_package/lib/python3.12/site-packages/my_package/__pycache__/state_publisher.cpython-312.pyc
/home/max/Bachelor_Navel/NavelTrajectory/webots_ros/install/my_package/lib/python3.12/site-packages/my_package/__pycache__/motion_detection.cpython-312.pyc
/home/max/Bachelor_Navel/NavelTrajectory/webots_ros/install/my_package/lib/python3.12/site-packages/my_package/__pycache__/odom_publisher.cpython-312.pyc
/home/max/Bachelor_Navel/NavelTrajectory/webots_ros/install/my_package/lib/python3.12/site-packages/my_package/__pycache__/room_navigation.cpython-312.pyc
/home/max/Bachelor_Navel/NavelTrajectory/webots_ros/install/my_package/lib/python3.12/site-packages/my_package/__pycache__/metric_logger.cpython-312.pyc
/home/max/Bachelor_Navel/NavelTrajectory/webots_ros/install/my_package/lib/python3.12/site-packages/my_package/__pycache__/pedestrian_driver.cpython-312.pyc
/home/max/Bachelor_Navel/NavelTrajectory/webots_ros/install/my_package/lib/python3.12/site-packages/my_package/__pycache__/scan_republisher.cpython-312.pyc
/home/max/Bachelor_Navel/NavelTrajectory/webots_ros/install/my_package/lib/python3.12/site-packages/my_package/__pycache__/__init__.cpython-312.pyc
/home/max/Bachelor_Navel/NavelTrajectory/webots_ros/install/my_package/lib/python3.12/site-packages/my_package/__pycache__/obstacle_avoider.cpython-312.pyc
/home/max/Bachelor_Navel/NavelTrajectory/webots_ros/install/my_package/lib/python3.12/site-packages/my_package/__pycache__/navel_driver.cpython-312.pyc
/home/max/Bachelor_Navel/NavelTrajectory/webots_ros/install/my_package/share/ament_index/resource_index/packages/my_package
/home/max/Bachelor_Navel/NavelTrajectory/webots_ros/install/my_package/share/my_package/launch/robot_launch.py
/home/max/Bachelor_Navel/NavelTrajectory/webots_ros/install/my_package/share/my_package/launch/navigation_launch.py
/home/max/Bachelor_Navel/NavelTrajectory/webots_ros/install/my_package/share/my_package/launch/cartographer_launch.py
/home/max/Bachelor_Navel/NavelTrajectory/webots_ros/install/my_package/share/my_package/launch/multiple_robot_launch.py
/home/max/Bachelor_Navel/NavelTrajectory/webots_ros/install/my_package/share/my_package/launch/szenario_launch.py
/home/max/Bachelor_Navel/NavelTrajectory/webots_ros/install/my_package/share/my_package/worlds/zeki.wbt
/home/max/Bachelor_Navel/NavelTrajectory/webots_ros/install/my_package/share/my_package/worlds/zeki_multiple.wbt
/home/max/Bachelor_Navel/NavelTrajectory/webots_ros/install/my_package/share/my_package/worlds/untitled6.obj
/home/max/Bachelor_Navel/NavelTrajectory/webots_ros/install/my_package/share/my_package/resource/my_robot.urdf
/home/max/Bachelor_Navel/NavelTrajectory/webots_ros/install/my_package/share/my_package/resource/pedestrian.urdf
/home/max/Bachelor_Navel/NavelTrajectory/webots_ros/install/my_package/share/my_package/resource/pedestrian2.urdf
/home/max/Bachelor_Navel/NavelTrajectory/webots_ros/install/my_package/share/my_package/resource/pedestrian3.urdf
/home/max/Bachelor_Navel/NavelTrajectory/webots_ros/install/my_package/share/my_package/package.xml
/home/max/Bachelor_Navel/NavelTrajectory/webots_ros/install/my_package/share/my_package/config/navel_cartographer.lua
/home/max/Bachelor_Navel/NavelTrajectory/webots_ros/install/my_package/share/my_package/config/slam.rviz
/home/max/Bachelor_Navel/NavelTrajectory/webots_ros/install/my_package/share/my_package/config/room_waypoints.yaml
/home/max/Bachelor_Navel/NavelTrajectory/webots_ros/install/my_package/share/my_package/config/nav_to_pose_w_replanning_and_recovery.xml
/home/max/Bachelor_Navel/NavelTrajectory/webots_ros/install/my_package/share/my_package/config/nav_to_pose_w_replanning_and_recovery_base.xml
/home/max/Bachelor_Navel/NavelTrajectory/webots_ros/install/my_package/share/my_package/config/nav2_params.yaml
/home/max/Bachelor_Navel/NavelTrajectory/webots_ros/install/my_package/share/my_package/config/nav2_params_RRT.yaml
/home/max/Bachelor_Navel/NavelTrajectory/webots_ros/install/my_package/share/my_package/config/nav2_params_Bspline.yaml
/home/max/Bachelor_Navel/NavelTrajectory/webots_ros/install/my_package/share/my_package/config/nav2_params_MPC.yaml
/home/max/Bachelor_Navel/NavelTrajectory/webots_ros/install/my_package/share/my_package/config/nav2_params_Thesis.yaml
/home/max/Bachelor_Navel/NavelTrajectory/webots_ros/install/my_package/share/my_package/config/nav2_params_MPC_Bspline.yaml
/home/max/Bachelor_Navel/NavelTrajectory/webots_ros/install/my_package/share/my_package/config/map_zeki.yaml
/home/max/Bachelor_Navel/NavelTrajectory/webots_ros/install/my_package/share/my_package/config/map_zeki.pgm
/home/max/Bachelor_Navel/NavelTrajectory/webots_ros/install/my_package/lib/python3.12/site-packages/my_package-0.0.0-py3.12.egg-info/SOURCES.txt
/home/max/Bachelor_Navel/NavelTrajectory/webots_ros/install/my_package/lib/python3.12/site-packages/my_package-0.0.0-py3.12.egg-info/zip-safe
/home/max/Bachelor_Navel/NavelTrajectory/webots_ros/install/my_package/lib/python3.12/site-packages/my_package-0.0.0-py3.12.egg-info/entry_points.txt
/home/max/Bachelor_Navel/NavelTrajectory/webots_ros/install/my_package/lib/python3.12/site-packages/my_package-0.0.0-py3.12.egg-info/PKG-INFO
/home/max/Bachelor_Navel/NavelTrajectory/webots_ros/install/my_package/lib/python3.12/site-packages/my_package-0.0.0-py3.12.egg-info/dependency_links.txt
/home/max/Bachelor_Navel/NavelTrajectory/webots_ros/install/my_package/lib/python3.12/site-packages/my_package-0.0.0-py3.12.egg-info/requires.txt
/home/max/Bachelor_Navel/NavelTrajectory/webots_ros/install/my_package/lib/python3.12/site-packages/my_package-0.0.0-py3.12.egg-info/top_level.txt
/home/max/Bachelor_Navel/NavelTrajectory/webots_ros/install/my_package/lib/my_package/metric_logger
/home/max/Bachelor_Navel/NavelTrajectory/webots_ros/install/my_package/lib/my_package/motion_detector
/home/max/Bachelor_Navel/NavelTrajectory/webots_ros/install/my_package/lib/my_package/navel_driver
/home/max/Bachelor_Navel/NavelTrajectory/webots_ros/install/my_package/lib/my_package/obstacle_avoider
/home/max/Bachelor_Navel/NavelTrajectory/webots_ros/install/my_package/lib/my_package/odom_publisher
/home/max/Bachelor_Navel/NavelTrajectory/webots_ros/install/my_package/lib/my_package/pedestrian_driver
/home/max/Bachelor_Navel/NavelTrajectory/webots_ros/install/my_package/lib/my_package/room_navigation
/home/max/Bachelor_Navel/NavelTrajectory/webots_ros/install/my_package/lib/my_package/scan_republisher
