running egg_info
creating ../../build/my_package/my_package.egg-info
writing ../../build/my_package/my_package.egg-info/PKG-INFO
writing dependency_links to ../../build/my_package/my_package.egg-info/dependency_links.txt
writing entry points to ../../build/my_package/my_package.egg-info/entry_points.txt
writing requirements to ../../build/my_package/my_package.egg-info/requires.txt
writing top-level names to ../../build/my_package/my_package.egg-info/top_level.txt
writing manifest file '../../build/my_package/my_package.egg-info/SOURCES.txt'
reading manifest file '../../build/my_package/my_package.egg-info/SOURCES.txt'
adding license file 'LICENSE'
writing manifest file '../../build/my_package/my_package.egg-info/SOURCES.txt'
running build
running build_py
creating /home/max/Bachelor_Navel/NavelTrajectory/webots_ros/build/my_package/build
creating /home/max/Bachelor_Navel/NavelTrajectory/webots_ros/build/my_package/build/lib
creating /home/max/Bachelor_Navel/NavelTrajectory/webots_ros/build/my_package/build/lib/my_package
copying my_package/state_publisher.py -> /home/max/Bachelor_Navel/NavelTrajectory/webots_ros/build/my_package/build/lib/my_package
copying my_package/motion_detection.py -> /home/max/Bachelor_Navel/NavelTrajectory/webots_ros/build/my_package/build/lib/my_package
copying my_package/odom_publisher.py -> /home/max/Bachelor_Navel/NavelTrajectory/webots_ros/build/my_package/build/lib/my_package
copying my_package/room_navigation.py -> /home/max/Bachelor_Navel/NavelTrajectory/webots_ros/build/my_package/build/lib/my_package
copying my_package/metric_logger.py -> /home/max/Bachelor_Navel/NavelTrajectory/webots_ros/build/my_package/build/lib/my_package
copying my_package/pedestrian_driver.py -> /home/max/Bachelor_Navel/NavelTrajectory/webots_ros/build/my_package/build/lib/my_package
copying my_package/scan_republisher.py -> /home/max/Bachelor_Navel/NavelTrajectory/webots_ros/build/my_package/build/lib/my_package
copying my_package/__init__.py -> /home/max/Bachelor_Navel/NavelTrajectory/webots_ros/build/my_package/build/lib/my_package
copying my_package/obstacle_avoider.py -> /home/max/Bachelor_Navel/NavelTrajectory/webots_ros/build/my_package/build/lib/my_package
copying my_package/navel_driver.py -> /home/max/Bachelor_Navel/NavelTrajectory/webots_ros/build/my_package/build/lib/my_package
running install
running install_lib
creating /home/max/Bachelor_Navel/NavelTrajectory/webots_ros/install/my_package/lib/python3.12/site-packages/my_package
copying /home/max/Bachelor_Navel/NavelTrajectory/webots_ros/build/my_package/build/lib/my_package/state_publisher.py -> /home/max/Bachelor_Navel/NavelTrajectory/webots_ros/install/my_package/lib/python3.12/site-packages/my_package
copying /home/max/Bachelor_Navel/NavelTrajectory/webots_ros/build/my_package/build/lib/my_package/motion_detection.py -> /home/max/Bachelor_Navel/NavelTrajectory/webots_ros/install/my_package/lib/python3.12/site-packages/my_package
copying /home/max/Bachelor_Navel/NavelTrajectory/webots_ros/build/my_package/build/lib/my_package/odom_publisher.py -> /home/max/Bachelor_Navel/NavelTrajectory/webots_ros/install/my_package/lib/python3.12/site-packages/my_package
copying /home/max/Bachelor_Navel/NavelTrajectory/webots_ros/build/my_package/build/lib/my_package/room_navigation.py -> /home/max/Bachelor_Navel/NavelTrajectory/webots_ros/install/my_package/lib/python3.12/site-packages/my_package
copying /home/max/Bachelor_Navel/NavelTrajectory/webots_ros/build/my_package/build/lib/my_package/metric_logger.py -> /home/max/Bachelor_Navel/NavelTrajectory/webots_ros/install/my_package/lib/python3.12/site-packages/my_package
copying /home/max/Bachelor_Navel/NavelTrajectory/webots_ros/build/my_package/build/lib/my_package/pedestrian_driver.py -> /home/max/Bachelor_Navel/NavelTrajectory/webots_ros/install/my_package/lib/python3.12/site-packages/my_package
copying /home/max/Bachelor_Navel/NavelTrajectory/webots_ros/build/my_package/build/lib/my_package/scan_republisher.py -> /home/max/Bachelor_Navel/NavelTrajectory/webots_ros/install/my_package/lib/python3.12/site-packages/my_package
copying /home/max/Bachelor_Navel/NavelTrajectory/webots_ros/build/my_package/build/lib/my_package/__init__.py -> /home/max/Bachelor_Navel/NavelTrajectory/webots_ros/install/my_package/lib/python3.12/site-packages/my_package
copying /home/max/Bachelor_Navel/NavelTrajectory/webots_ros/build/my_package/build/lib/my_package/obstacle_avoider.py -> /home/max/Bachelor_Navel/NavelTrajectory/webots_ros/install/my_package/lib/python3.12/site-packages/my_package
copying /home/max/Bachelor_Navel/NavelTrajectory/webots_ros/build/my_package/build/lib/my_package/navel_driver.py -> /home/max/Bachelor_Navel/NavelTrajectory/webots_ros/install/my_package/lib/python3.12/site-packages/my_package
byte-compiling /home/max/Bachelor_Navel/NavelTrajectory/webots_ros/install/my_package/lib/python3.12/site-packages/my_package/state_publisher.py to state_publisher.cpython-312.pyc
byte-compiling /home/max/Bachelor_Navel/NavelTrajectory/webots_ros/install/my_package/lib/python3.12/site-packages/my_package/motion_detection.py to motion_detection.cpython-312.pyc
byte-compiling /home/max/Bachelor_Navel/NavelTrajectory/webots_ros/install/my_package/lib/python3.12/site-packages/my_package/odom_publisher.py to odom_publisher.cpython-312.pyc
byte-compiling /home/max/Bachelor_Navel/NavelTrajectory/webots_ros/install/my_package/lib/python3.12/site-packages/my_package/room_navigation.py to room_navigation.cpython-312.pyc
byte-compiling /home/max/Bachelor_Navel/NavelTrajectory/webots_ros/install/my_package/lib/python3.12/site-packages/my_package/metric_logger.py to metric_logger.cpython-312.pyc
byte-compiling /home/max/Bachelor_Navel/NavelTrajectory/webots_ros/install/my_package/lib/python3.12/site-packages/my_package/pedestrian_driver.py to pedestrian_driver.cpython-312.pyc
byte-compiling /home/max/Bachelor_Navel/NavelTrajectory/webots_ros/install/my_package/lib/python3.12/site-packages/my_package/scan_republisher.py to scan_republisher.cpython-312.pyc
byte-compiling /home/max/Bachelor_Navel/NavelTrajectory/webots_ros/install/my_package/lib/python3.12/site-packages/my_package/__init__.py to __init__.cpython-312.pyc
byte-compiling /home/max/Bachelor_Navel/NavelTrajectory/webots_ros/install/my_package/lib/python3.12/site-packages/my_package/obstacle_avoider.py to obstacle_avoider.cpython-312.pyc
byte-compiling /home/max/Bachelor_Navel/NavelTrajectory/webots_ros/install/my_package/lib/python3.12/site-packages/my_package/navel_driver.py to navel_driver.cpython-312.pyc
running install_data
creating /home/max/Bachelor_Navel/NavelTrajectory/webots_ros/install/my_package/share/ament_index
creating /home/max/Bachelor_Navel/NavelTrajectory/webots_ros/install/my_package/share/ament_index/resource_index
creating /home/max/Bachelor_Navel/NavelTrajectory/webots_ros/install/my_package/share/ament_index/resource_index/packages
copying resource/my_package -> /home/max/Bachelor_Navel/NavelTrajectory/webots_ros/install/my_package/share/ament_index/resource_index/packages
creating /home/max/Bachelor_Navel/NavelTrajectory/webots_ros/install/my_package/share/my_package/launch
copying launch/robot_launch.py -> /home/max/Bachelor_Navel/NavelTrajectory/webots_ros/install/my_package/share/my_package/launch
copying launch/navigation_launch.py -> /home/max/Bachelor_Navel/NavelTrajectory/webots_ros/install/my_package/share/my_package/launch
copying launch/cartographer_launch.py -> /home/max/Bachelor_Navel/NavelTrajectory/webots_ros/install/my_package/share/my_package/launch
copying launch/multiple_robot_launch.py -> /home/max/Bachelor_Navel/NavelTrajectory/webots_ros/install/my_package/share/my_package/launch
copying launch/szenario_launch.py -> /home/max/Bachelor_Navel/NavelTrajectory/webots_ros/install/my_package/share/my_package/launch
creating /home/max/Bachelor_Navel/NavelTrajectory/webots_ros/install/my_package/share/my_package/worlds
copying worlds/zeki.wbt -> /home/max/Bachelor_Navel/NavelTrajectory/webots_ros/install/my_package/share/my_package/worlds
copying worlds/zeki_multiple.wbt -> /home/max/Bachelor_Navel/NavelTrajectory/webots_ros/install/my_package/share/my_package/worlds
copying worlds/untitled6.obj -> /home/max/Bachelor_Navel/NavelTrajectory/webots_ros/install/my_package/share/my_package/worlds
creating /home/max/Bachelor_Navel/NavelTrajectory/webots_ros/install/my_package/share/my_package/resource
copying resource/my_robot.urdf -> /home/max/Bachelor_Navel/NavelTrajectory/webots_ros/install/my_package/share/my_package/resource
copying resource/pedestrian.urdf -> /home/max/Bachelor_Navel/NavelTrajectory/webots_ros/install/my_package/share/my_package/resource
copying resource/pedestrian2.urdf -> /home/max/Bachelor_Navel/NavelTrajectory/webots_ros/install/my_package/share/my_package/resource
copying resource/pedestrian3.urdf -> /home/max/Bachelor_Navel/NavelTrajectory/webots_ros/install/my_package/share/my_package/resource
copying package.xml -> /home/max/Bachelor_Navel/NavelTrajectory/webots_ros/install/my_package/share/my_package
creating /home/max/Bachelor_Navel/NavelTrajectory/webots_ros/install/my_package/share/my_package/config
copying config/navel_cartographer.lua -> /home/max/Bachelor_Navel/NavelTrajectory/webots_ros/install/my_package/share/my_package/config
copying config/slam.rviz -> /home/max/Bachelor_Navel/NavelTrajectory/webots_ros/install/my_package/share/my_package/config
copying config/room_waypoints.yaml -> /home/max/Bachelor_Navel/NavelTrajectory/webots_ros/install/my_package/share/my_package/config
copying config/nav_to_pose_w_replanning_and_recovery.xml -> /home/max/Bachelor_Navel/NavelTrajectory/webots_ros/install/my_package/share/my_package/config
copying config/nav_to_pose_w_replanning_and_recovery_base.xml -> /home/max/Bachelor_Navel/NavelTrajectory/webots_ros/install/my_package/share/my_package/config
copying config/nav/nav2_params.yaml -> /home/max/Bachelor_Navel/NavelTrajectory/webots_ros/install/my_package/share/my_package/config
copying config/nav/nav2_params_RRT.yaml -> /home/max/Bachelor_Navel/NavelTrajectory/webots_ros/install/my_package/share/my_package/config
copying config/nav/nav2_params_Bspline.yaml -> /home/max/Bachelor_Navel/NavelTrajectory/webots_ros/install/my_package/share/my_package/config
copying config/nav/nav2_params_MPC.yaml -> /home/max/Bachelor_Navel/NavelTrajectory/webots_ros/install/my_package/share/my_package/config
copying config/nav/nav2_params_Thesis.yaml -> /home/max/Bachelor_Navel/NavelTrajectory/webots_ros/install/my_package/share/my_package/config
copying config/nav/nav2_params_MPC_Bspline.yaml -> /home/max/Bachelor_Navel/NavelTrajectory/webots_ros/install/my_package/share/my_package/config
copying map/map_zeki.yaml -> /home/max/Bachelor_Navel/NavelTrajectory/webots_ros/install/my_package/share/my_package/config
copying map/map_zeki.pgm -> /home/max/Bachelor_Navel/NavelTrajectory/webots_ros/install/my_package/share/my_package/config
running install_egg_info
Copying ../../build/my_package/my_package.egg-info to /home/max/Bachelor_Navel/NavelTrajectory/webots_ros/install/my_package/lib/python3.12/site-packages/my_package-0.0.0-py3.12.egg-info
running install_scripts
Installing metric_logger script to /home/max/Bachelor_Navel/NavelTrajectory/webots_ros/install/my_package/lib/my_package
Installing motion_detector script to /home/max/Bachelor_Navel/NavelTrajectory/webots_ros/install/my_package/lib/my_package
Installing navel_driver script to /home/max/Bachelor_Navel/NavelTrajectory/webots_ros/install/my_package/lib/my_package
Installing obstacle_avoider script to /home/max/Bachelor_Navel/NavelTrajectory/webots_ros/install/my_package/lib/my_package
Installing odom_publisher script to /home/max/Bachelor_Navel/NavelTrajectory/webots_ros/install/my_package/lib/my_package
Installing pedestrian_driver script to /home/max/Bachelor_Navel/NavelTrajectory/webots_ros/install/my_package/lib/my_package
Installing room_navigation script to /home/max/Bachelor_Navel/NavelTrajectory/webots_ros/install/my_package/lib/my_package
Installing scan_republisher script to /home/max/Bachelor_Navel/NavelTrajectory/webots_ros/install/my_package/lib/my_package
writing list of installed files to '/home/max/Bachelor_Navel/NavelTrajectory/webots_ros/build/my_package/install.log'
