[10.508s] Invoking command in '/home/max/Bachelor_Navel/NavelTrajectory/webots_ros/src/my_package': DEBUGINFOD_URLS=https://debuginfod.ubuntu.com PYTHONPATH=/home/max/Bachelor_Navel/NavelTrajectory/webots_ros/build/my_package/prefix_override:/usr/lib/python3/dist-packages/colcon_core/task/python/colcon_distutils_commands:/home/max/Bachelor_Navel/NavelTrajectory/webots_ros/install/my_package/lib/python3.12/site-packages:${PYTHONPATH} /usr/bin/python3 -W ignore:setup.py install is deprecated -W ignore:easy_install command is deprecated setup.py egg_info --egg-base ../../build/my_package build --build-base /home/max/Bachelor_Navel/NavelTrajectory/webots_ros/build/my_package/build install --record /home/max/Bachelor_Navel/NavelTrajectory/webots_ros/build/my_package/install.log --single-version-externally-managed install_data
[10.895s] running egg_info
[10.895s] creating ../../build/my_package/my_package.egg-info
[10.926s] writing ../../build/my_package/my_package.egg-info/PKG-INFO
[10.927s] writing dependency_links to ../../build/my_package/my_package.egg-info/dependency_links.txt
[10.928s] writing entry points to ../../build/my_package/my_package.egg-info/entry_points.txt
[10.928s] writing requirements to ../../build/my_package/my_package.egg-info/requires.txt
[10.928s] writing top-level names to ../../build/my_package/my_package.egg-info/top_level.txt
[10.928s] writing manifest file '../../build/my_package/my_package.egg-info/SOURCES.txt'
[10.992s] reading manifest file '../../build/my_package/my_package.egg-info/SOURCES.txt'
[10.992s] adding license file 'LICENSE'
[10.993s] writing manifest file '../../build/my_package/my_package.egg-info/SOURCES.txt'
[10.994s] running build
[10.994s] running build_py
[10.994s] creating /home/max/Bachelor_Navel/NavelTrajectory/webots_ros/build/my_package/build
[10.994s] creating /home/max/Bachelor_Navel/NavelTrajectory/webots_ros/build/my_package/build/lib
[10.994s] creating /home/max/Bachelor_Navel/NavelTrajectory/webots_ros/build/my_package/build/lib/my_package
[10.994s] copying my_package/state_publisher.py -> /home/max/Bachelor_Navel/NavelTrajectory/webots_ros/build/my_package/build/lib/my_package
[10.995s] copying my_package/motion_detection.py -> /home/max/Bachelor_Navel/NavelTrajectory/webots_ros/build/my_package/build/lib/my_package
[10.995s] copying my_package/odom_publisher.py -> /home/max/Bachelor_Navel/NavelTrajectory/webots_ros/build/my_package/build/lib/my_package
[10.995s] copying my_package/room_navigation.py -> /home/max/Bachelor_Navel/NavelTrajectory/webots_ros/build/my_package/build/lib/my_package
[10.995s] copying my_package/metric_logger.py -> /home/max/Bachelor_Navel/NavelTrajectory/webots_ros/build/my_package/build/lib/my_package
[10.995s] copying my_package/pedestrian_driver.py -> /home/max/Bachelor_Navel/NavelTrajectory/webots_ros/build/my_package/build/lib/my_package
[10.995s] copying my_package/scan_republisher.py -> /home/max/Bachelor_Navel/NavelTrajectory/webots_ros/build/my_package/build/lib/my_package
[10.995s] copying my_package/__init__.py -> /home/max/Bachelor_Navel/NavelTrajectory/webots_ros/build/my_package/build/lib/my_package
[10.996s] copying my_package/obstacle_avoider.py -> /home/max/Bachelor_Navel/NavelTrajectory/webots_ros/build/my_package/build/lib/my_package
[10.996s] copying my_package/navel_driver.py -> /home/max/Bachelor_Navel/NavelTrajectory/webots_ros/build/my_package/build/lib/my_package
[10.997s] running install
[11.003s] running install_lib
[11.035s] creating /home/max/Bachelor_Navel/NavelTrajectory/webots_ros/install/my_package/lib/python3.12/site-packages/my_package
[11.035s] copying /home/max/Bachelor_Navel/NavelTrajectory/webots_ros/build/my_package/build/lib/my_package/state_publisher.py -> /home/max/Bachelor_Navel/NavelTrajectory/webots_ros/install/my_package/lib/python3.12/site-packages/my_package
[11.035s] copying /home/max/Bachelor_Navel/NavelTrajectory/webots_ros/build/my_package/build/lib/my_package/motion_detection.py -> /home/max/Bachelor_Navel/NavelTrajectory/webots_ros/install/my_package/lib/python3.12/site-packages/my_package
[11.035s] copying /home/max/Bachelor_Navel/NavelTrajectory/webots_ros/build/my_package/build/lib/my_package/odom_publisher.py -> /home/max/Bachelor_Navel/NavelTrajectory/webots_ros/install/my_package/lib/python3.12/site-packages/my_package
[11.035s] copying /home/max/Bachelor_Navel/NavelTrajectory/webots_ros/build/my_package/build/lib/my_package/room_navigation.py -> /home/max/Bachelor_Navel/NavelTrajectory/webots_ros/install/my_package/lib/python3.12/site-packages/my_package
[11.035s] copying /home/max/Bachelor_Navel/NavelTrajectory/webots_ros/build/my_package/build/lib/my_package/metric_logger.py -> /home/max/Bachelor_Navel/NavelTrajectory/webots_ros/install/my_package/lib/python3.12/site-packages/my_package
[11.036s] copying /home/max/Bachelor_Navel/NavelTrajectory/webots_ros/build/my_package/build/lib/my_package/pedestrian_driver.py -> /home/max/Bachelor_Navel/NavelTrajectory/webots_ros/install/my_package/lib/python3.12/site-packages/my_package
[11.036s] copying /home/max/Bachelor_Navel/NavelTrajectory/webots_ros/build/my_package/build/lib/my_package/scan_republisher.py -> /home/max/Bachelor_Navel/NavelTrajectory/webots_ros/install/my_package/lib/python3.12/site-packages/my_package
[11.036s] copying /home/max/Bachelor_Navel/NavelTrajectory/webots_ros/build/my_package/build/lib/my_package/__init__.py -> /home/max/Bachelor_Navel/NavelTrajectory/webots_ros/install/my_package/lib/python3.12/site-packages/my_package
[11.036s] copying /home/max/Bachelor_Navel/NavelTrajectory/webots_ros/build/my_package/build/lib/my_package/obstacle_avoider.py -> /home/max/Bachelor_Navel/NavelTrajectory/webots_ros/install/my_package/lib/python3.12/site-packages/my_package
[11.037s] copying /home/max/Bachelor_Navel/NavelTrajectory/webots_ros/build/my_package/build/lib/my_package/navel_driver.py -> /home/max/Bachelor_Navel/NavelTrajectory/webots_ros/install/my_package/lib/python3.12/site-packages/my_package
[11.037s] byte-compiling /home/max/Bachelor_Navel/NavelTrajectory/webots_ros/install/my_package/lib/python3.12/site-packages/my_package/state_publisher.py to state_publisher.cpython-312.pyc
[11.038s] byte-compiling /home/max/Bachelor_Navel/NavelTrajectory/webots_ros/install/my_package/lib/python3.12/site-packages/my_package/motion_detection.py to motion_detection.cpython-312.pyc
[11.040s] byte-compiling /home/max/Bachelor_Navel/NavelTrajectory/webots_ros/install/my_package/lib/python3.12/site-packages/my_package/odom_publisher.py to odom_publisher.cpython-312.pyc
[11.043s] byte-compiling /home/max/Bachelor_Navel/NavelTrajectory/webots_ros/install/my_package/lib/python3.12/site-packages/my_package/room_navigation.py to room_navigation.cpython-312.pyc
[11.047s] byte-compiling /home/max/Bachelor_Navel/NavelTrajectory/webots_ros/install/my_package/lib/python3.12/site-packages/my_package/metric_logger.py to metric_logger.cpython-312.pyc
[11.049s] byte-compiling /home/max/Bachelor_Navel/NavelTrajectory/webots_ros/install/my_package/lib/python3.12/site-packages/my_package/pedestrian_driver.py to pedestrian_driver.cpython-312.pyc
[11.050s] byte-compiling /home/max/Bachelor_Navel/NavelTrajectory/webots_ros/install/my_package/lib/python3.12/site-packages/my_package/scan_republisher.py to scan_republisher.cpython-312.pyc
[11.051s] byte-compiling /home/max/Bachelor_Navel/NavelTrajectory/webots_ros/install/my_package/lib/python3.12/site-packages/my_package/__init__.py to __init__.cpython-312.pyc
[11.051s] byte-compiling /home/max/Bachelor_Navel/NavelTrajectory/webots_ros/install/my_package/lib/python3.12/site-packages/my_package/obstacle_avoider.py to obstacle_avoider.cpython-312.pyc
[11.053s] byte-compiling /home/max/Bachelor_Navel/NavelTrajectory/webots_ros/install/my_package/lib/python3.12/site-packages/my_package/navel_driver.py to navel_driver.cpython-312.pyc
[11.054s] running install_data
[11.054s] creating /home/max/Bachelor_Navel/NavelTrajectory/webots_ros/install/my_package/share/ament_index
[11.054s] creating /home/max/Bachelor_Navel/NavelTrajectory/webots_ros/install/my_package/share/ament_index/resource_index
[11.054s] creating /home/max/Bachelor_Navel/NavelTrajectory/webots_ros/install/my_package/share/ament_index/resource_index/packages
[11.055s] copying resource/my_package -> /home/max/Bachelor_Navel/NavelTrajectory/webots_ros/install/my_package/share/ament_index/resource_index/packages
[11.055s] creating /home/max/Bachelor_Navel/NavelTrajectory/webots_ros/install/my_package/share/my_package/launch
[11.055s] copying launch/robot_launch.py -> /home/max/Bachelor_Navel/NavelTrajectory/webots_ros/install/my_package/share/my_package/launch
[11.055s] copying launch/navigation_launch.py -> /home/max/Bachelor_Navel/NavelTrajectory/webots_ros/install/my_package/share/my_package/launch
[11.055s] copying launch/cartographer_launch.py -> /home/max/Bachelor_Navel/NavelTrajectory/webots_ros/install/my_package/share/my_package/launch
[11.055s] copying launch/multiple_robot_launch.py -> /home/max/Bachelor_Navel/NavelTrajectory/webots_ros/install/my_package/share/my_package/launch
[11.056s] copying launch/szenario_launch.py -> /home/max/Bachelor_Navel/NavelTrajectory/webots_ros/install/my_package/share/my_package/launch
[11.056s] creating /home/max/Bachelor_Navel/NavelTrajectory/webots_ros/install/my_package/share/my_package/worlds
[11.056s] copying worlds/zeki.wbt -> /home/max/Bachelor_Navel/NavelTrajectory/webots_ros/install/my_package/share/my_package/worlds
[11.056s] copying worlds/zeki_multiple.wbt -> /home/max/Bachelor_Navel/NavelTrajectory/webots_ros/install/my_package/share/my_package/worlds
[11.056s] copying worlds/untitled6.obj -> /home/max/Bachelor_Navel/NavelTrajectory/webots_ros/install/my_package/share/my_package/worlds
[11.058s] creating /home/max/Bachelor_Navel/NavelTrajectory/webots_ros/install/my_package/share/my_package/resource
[11.058s] copying resource/my_robot.urdf -> /home/max/Bachelor_Navel/NavelTrajectory/webots_ros/install/my_package/share/my_package/resource
[11.058s] copying resource/pedestrian.urdf -> /home/max/Bachelor_Navel/NavelTrajectory/webots_ros/install/my_package/share/my_package/resource
[11.058s] copying resource/pedestrian2.urdf -> /home/max/Bachelor_Navel/NavelTrajectory/webots_ros/install/my_package/share/my_package/resource
[11.059s] copying resource/pedestrian3.urdf -> /home/max/Bachelor_Navel/NavelTrajectory/webots_ros/install/my_package/share/my_package/resource
[11.059s] copying package.xml -> /home/max/Bachelor_Navel/NavelTrajectory/webots_ros/install/my_package/share/my_package
[11.059s] creating /home/max/Bachelor_Navel/NavelTrajectory/webots_ros/install/my_package/share/my_package/config
[11.059s] copying config/navel_cartographer.lua -> /home/max/Bachelor_Navel/NavelTrajectory/webots_ros/install/my_package/share/my_package/config
[11.059s] copying config/slam.rviz -> /home/max/Bachelor_Navel/NavelTrajectory/webots_ros/install/my_package/share/my_package/config
[11.059s] copying config/room_waypoints.yaml -> /home/max/Bachelor_Navel/NavelTrajectory/webots_ros/install/my_package/share/my_package/config
[11.059s] copying config/nav_to_pose_w_replanning_and_recovery.xml -> /home/max/Bachelor_Navel/NavelTrajectory/webots_ros/install/my_package/share/my_package/config
[11.060s] copying config/nav_to_pose_w_replanning_and_recovery_base.xml -> /home/max/Bachelor_Navel/NavelTrajectory/webots_ros/install/my_package/share/my_package/config
[11.060s] copying config/nav/nav2_params.yaml -> /home/max/Bachelor_Navel/NavelTrajectory/webots_ros/install/my_package/share/my_package/config
[11.060s] copying config/nav/nav2_params_RRT.yaml -> /home/max/Bachelor_Navel/NavelTrajectory/webots_ros/install/my_package/share/my_package/config
[11.060s] copying config/nav/nav2_params_Bspline.yaml -> /home/max/Bachelor_Navel/NavelTrajectory/webots_ros/install/my_package/share/my_package/config
[11.060s] copying config/nav/nav2_params_MPC.yaml -> /home/max/Bachelor_Navel/NavelTrajectory/webots_ros/install/my_package/share/my_package/config
[11.060s] copying config/nav/nav2_params_Thesis.yaml -> /home/max/Bachelor_Navel/NavelTrajectory/webots_ros/install/my_package/share/my_package/config
[11.060s] copying config/nav/nav2_params_MPC_Bspline.yaml -> /home/max/Bachelor_Navel/NavelTrajectory/webots_ros/install/my_package/share/my_package/config
[11.061s] copying map/map_zeki.yaml -> /home/max/Bachelor_Navel/NavelTrajectory/webots_ros/install/my_package/share/my_package/config
[11.061s] copying map/map_zeki.pgm -> /home/max/Bachelor_Navel/NavelTrajectory/webots_ros/install/my_package/share/my_package/config
[11.067s] running install_egg_info
[11.099s] Copying ../../build/my_package/my_package.egg-info to /home/max/Bachelor_Navel/NavelTrajectory/webots_ros/install/my_package/lib/python3.12/site-packages/my_package-0.0.0-py3.12.egg-info
[11.100s] running install_scripts
[11.307s] Installing metric_logger script to /home/max/Bachelor_Navel/NavelTrajectory/webots_ros/install/my_package/lib/my_package
[11.307s] Installing motion_detector script to /home/max/Bachelor_Navel/NavelTrajectory/webots_ros/install/my_package/lib/my_package
[11.307s] Installing navel_driver script to /home/max/Bachelor_Navel/NavelTrajectory/webots_ros/install/my_package/lib/my_package
[11.307s] Installing obstacle_avoider script to /home/max/Bachelor_Navel/NavelTrajectory/webots_ros/install/my_package/lib/my_package
[11.308s] Installing odom_publisher script to /home/max/Bachelor_Navel/NavelTrajectory/webots_ros/install/my_package/lib/my_package
[11.308s] Installing pedestrian_driver script to /home/max/Bachelor_Navel/NavelTrajectory/webots_ros/install/my_package/lib/my_package
[11.308s] Installing room_navigation script to /home/max/Bachelor_Navel/NavelTrajectory/webots_ros/install/my_package/lib/my_package
[11.308s] Installing scan_republisher script to /home/max/Bachelor_Navel/NavelTrajectory/webots_ros/install/my_package/lib/my_package
[11.308s] writing list of installed files to '/home/max/Bachelor_Navel/NavelTrajectory/webots_ros/build/my_package/install.log'
[11.347s] Invoked command in '/home/max/Bachelor_Navel/NavelTrajectory/webots_ros/src/my_package' returned '0': DEBUGINFOD_URLS=https://debuginfod.ubuntu.com PYTHONPATH=/home/max/Bachelor_Navel/NavelTrajectory/webots_ros/build/my_package/prefix_override:/usr/lib/python3/dist-packages/colcon_core/task/python/colcon_distutils_commands:/home/max/Bachelor_Navel/NavelTrajectory/webots_ros/install/my_package/lib/python3.12/site-packages:${PYTHONPATH} /usr/bin/python3 -W ignore:setup.py install is deprecated -W ignore:easy_install command is deprecated setup.py egg_info --egg-base ../../build/my_package build --build-base /home/max/Bachelor_Navel/NavelTrajectory/webots_ros/build/my_package/build install --record /home/max/Bachelor_Navel/NavelTrajectory/webots_ros/build/my_package/install.log --single-version-externally-managed install_data
